<?xml version="1.0" encoding="UTF-8"?>
<testsuites>
  <testsuite name="D:\Programming\1PRODUCTION\Open Source\tpt-free-erp\phpunit.xml" tests="191" assertions="327" errors="33" failures="17" skipped="0" time="4.435566">
    <testsuite name="Unit" tests="1" assertions="1" errors="0" failures="0" skipped="0" time="0.001426">
      <testsuite name="Tests\Unit\ExampleTest" file="D:\Programming\1PRODUCTION\Open Source\tpt-free-erp\tests\Unit\ExampleTest.php" tests="1" assertions="1" errors="0" failures="0" skipped="0" time="0.001426">
        <testcase name="test_that_true_is_true" file="D:\Programming\1PRODUCTION\Open Source\tpt-free-erp\tests\Unit\ExampleTest.php" line="12" class="Tests\Unit\ExampleTest" classname="Tests.Unit.ExampleTest" assertions="1" time="0.001426"/>
      </testsuite>
    </testsuite>
    <testsuite name="Feature" tests="190" assertions="326" errors="33" failures="17" skipped="0" time="4.434140">
      <testsuite name="Tests\Feature\Assets\AssetTest" file="D:\Programming\1PRODUCTION\Open Source\tpt-free-erp\tests\Feature\Assets\AssetTest.php" tests="10" assertions="19" errors="1" failures="1" skipped="0" time="0.646277">
        <testcase name="test_can_list_assets" file="D:\Programming\1PRODUCTION\Open Source\tpt-free-erp\tests\Feature\Assets\AssetTest.php" line="29" class="Tests\Feature\Assets\AssetTest" classname="Tests.Feature.Assets.AssetTest" assertions="5" time="0.439816"/>
        <testcase name="test_can_create_asset" file="D:\Programming\1PRODUCTION\Open Source\tpt-free-erp\tests\Feature\Assets\AssetTest.php" line="40" class="Tests\Feature\Assets\AssetTest" classname="Tests.Feature.Assets.AssetTest" assertions="1" time="0.042478">
          <failure type="PHPUnit\Framework\ExpectationFailedException">Tests\Feature\Assets\AssetTest::test_can_create_asset&#13;
Expected response status code [201] but received 500.
Failed asserting that 500 is identical to 201.&#13;
&#13;
The following exception occurred during the last request:

PDOException: SQLSTATE[23000]: Integrity constraint violation: 19 CHECK constraint failed: type in D:\Programming\1PRODUCTION\Open Source\tpt-free-erp\vendor\laravel\framework\src\Illuminate\Database\Connection.php:587
Stack trace:
#0 D:\Programming\1PRODUCTION\Open Source\tpt-free-erp\vendor\laravel\framework\src\Illuminate\Database\Connection.php(587): PDOStatement-&gt;execute()
#1 D:\Programming\1PRODUCTION\Open Source\tpt-free-erp\vendor\laravel\framework\src\Illuminate\Database\Connection.php(830): Illuminate\Database\Connection-&gt;Illuminate\Database\{closure}()
#2 D:\Programming\1PRODUCTION\Open Source\tpt-free-erp\vendor\laravel\framework\src\Illuminate\Database\Connection.php(797): Illuminate\Database\Connection-&gt;runQueryCallback()
#3 D:\Programming\1PRODUCTION\Open Source\tpt-free-erp\vendor\laravel\framework\src\Illuminate\Database\Connection.php(576): Illuminate\Database\Connection-&gt;run()
#4 D:\Programming\1PRODUCTION\Open Source\tpt-free-erp\vendor\laravel\framework\src\Illuminate\Database\Connection.php(540): Illuminate\Database\Connection-&gt;statement()
#5 D:\Programming\1PRODUCTION\Open Source\tpt-free-erp\vendor\laravel\framework\src\Illuminate\Database\Query\Processors\Processor.php(32): Illuminate\Database\Connection-&gt;insert()
#6 D:\Programming\1PRODUCTION\Open Source\tpt-free-erp\vendor\laravel\framework\src\Illuminate\Database\Query\Builder.php(4251): Illuminate\Database\Query\Processors\Processor-&gt;processInsertGetId()
#7 D:\Programming\1PRODUCTION\Open Source\tpt-free-erp\vendor\laravel\framework\src\Illuminate\Database\Eloquent\Builder.php(2271): Illuminate\Database\Query\Builder-&gt;insertGetId()
#8 D:\Programming\1PRODUCTION\Open Source\tpt-free-erp\vendor\laravel\framework\src\Illuminate\Database\Eloquent\Model.php(1660): Illuminate\Database\Eloquent\Builder-&gt;__call()
#9 D:\Programming\1PRODUCTION\Open Source\tpt-free-erp\vendor\laravel\framework\src\Illuminate\Database\Eloquent\Model.php(1576): Illuminate\Database\Eloquent\Model-&gt;insertAndSetId()
#10 D:\Programming\1PRODUCTION\Open Source\tpt-free-erp\vendor\laravel\framework\src\Illuminate\Database\Eloquent\Model.php(1380): Illuminate\Database\Eloquent\Model-&gt;performInsert()
#11 D:\Programming\1PRODUCTION\Open Source\tpt-free-erp\vendor\laravel\framework\src\Illuminate\Database\Eloquent\Builder.php(1225): Illuminate\Database\Eloquent\Model-&gt;save()
#12 D:\Programming\1PRODUCTION\Open Source\tpt-free-erp\vendor\laravel\framework\src\Illuminate\Support\helpers.php(393): Illuminate\Database\Eloquent\Builder-&gt;Illuminate\Database\Eloquent\{closure}()
#13 D:\Programming\1PRODUCTION\Open Source\tpt-free-erp\vendor\laravel\framework\src\Illuminate\Database\Eloquent\Builder.php(1224): tap()
#14 D:\Programming\1PRODUCTION\Open Source\tpt-free-erp\vendor\laravel\framework\src\Illuminate\Support\Traits\ForwardsCalls.php(23): Illuminate\Database\Eloquent\Builder-&gt;create()
#15 D:\Programming\1PRODUCTION\Open Source\tpt-free-erp\vendor\laravel\framework\src\Illuminate\Database\Eloquent\Model.php(2807): Illuminate\Database\Eloquent\Model-&gt;forwardCallTo()
#16 D:\Programming\1PRODUCTION\Open Source\tpt-free-erp\vendor\laravel\framework\src\Illuminate\Database\Eloquent\Model.php(2823): Illuminate\Database\Eloquent\Model-&gt;__call()
#17 D:\Programming\1PRODUCTION\Open Source\tpt-free-erp\app\Http\Controllers\Api\Assets\AssetController.php(55): Illuminate\Database\Eloquent\Model::__callStatic()
#18 D:\Programming\1PRODUCTION\Open Source\tpt-free-erp\vendor\laravel\framework\src\Illuminate\Routing\ControllerDispatcher.php(46): App\Http\Controllers\Api\Assets\AssetController-&gt;store()
#19 D:\Programming\1PRODUCTION\Open Source\tpt-free-erp\vendor\laravel\framework\src\Illuminate\Routing\Route.php(269): Illuminate\Routing\ControllerDispatcher-&gt;dispatch()
#20 D:\Programming\1PRODUCTION\Open Source\tpt-free-erp\vendor\laravel\framework\src\Illuminate\Routing\Route.php(215): Illuminate\Routing\Route-&gt;runController()
#21 D:\Programming\1PRODUCTION\Open Source\tpt-free-erp\vendor\laravel\framework\src\Illuminate\Routing\Router.php(822): Illuminate\Routing\Route-&gt;run()
#22 D:\Programming\1PRODUCTION\Open Source\tpt-free-erp\vendor\laravel\framework\src\Illuminate\Pipeline\Pipeline.php(180): Illuminate\Routing\Router-&gt;Illuminate\Routing\{closure}()
#23 D:\Programming\1PRODUCTION\Open Source\tpt-free-erp\app\Http\Middleware\Cors.php(13): Illuminate\Pipeline\Pipeline-&gt;Illuminate\Pipeline\{closure}()
#24 D:\Programming\1PRODUCTION\Open Source\tpt-free-erp\vendor\laravel\framework\src\Illuminate\Pipeline\Pipeline.php(219): App\Http\Middleware\Cors-&gt;handle()
#25 D:\Programming\1PRODUCTION\Open Source\tpt-free-erp\vendor\laravel\framework\src\Illuminate\Routing\Middleware\SubstituteBindings.php(52): Illuminate\Pipeline\Pipeline-&gt;Illuminate\Pipeline\{closure}()
#26 D:\Programming\1PRODUCTION\Open Source\tpt-free-erp\vendor\laravel\framework\src\Illuminate\Pipeline\Pipeline.php(219): Illuminate\Routing\Middleware\SubstituteBindings-&gt;handle()
#27 D:\Programming\1PRODUCTION\Open Source\tpt-free-erp\vendor\laravel\framework\src\Illuminate\Routing\Middleware\ThrottleRequests.php(168): Illuminate\Pipeline\Pipeline-&gt;Illuminate\Pipeline\{closure}()
#28 D:\Programming\1PRODUCTION\Open Source\tpt-free-erp\vendor\laravel\framework\src\Illuminate\Routing\Middleware\ThrottleRequests.php(129): Illuminate\Routing\Middleware\ThrottleRequests-&gt;handleRequest()
#29 D:\Programming\1PRODUCTION\Open Source\tpt-free-erp\vendor\laravel\framework\src\Illuminate\Routing\Middleware\ThrottleRequests.php(90): Illuminate\Routing\Middleware\ThrottleRequests-&gt;handleRequestUsingNamedLimiter()
#30 D:\Programming\1PRODUCTION\Open Source\tpt-free-erp\vendor\laravel\framework\src\Illuminate\Pipeline\Pipeline.php(219): Illuminate\Routing\Middleware\ThrottleRequests-&gt;handle()
#31 D:\Programming\1PRODUCTION\Open Source\tpt-free-erp\vendor\laravel\framework\src\Illuminate\Auth\Middleware\Authenticate.php(63): Illuminate\Pipeline\Pipeline-&gt;Illuminate\Pipeline\{closure}()
#32 D:\Programming\1PRODUCTION\Open Source\tpt-free-erp\vendor\laravel\framework\src\Illuminate\Pipeline\Pipeline.php(219): Illuminate\Auth\Middleware\Authenticate-&gt;handle()
#33 D:\Programming\1PRODUCTION\Open Source\tpt-free-erp\vendor\laravel\framework\src\Illuminate\Pipeline\Pipeline.php(137): Illuminate\Pipeline\Pipeline-&gt;Illuminate\Pipeline\{closure}()
#34 D:\Programming\1PRODUCTION\Open Source\tpt-free-erp\vendor\laravel\framework\src\Illuminate\Routing\Router.php(821): Illuminate\Pipeline\Pipeline-&gt;then()
#35 D:\Programming\1PRODUCTION\Open Source\tpt-free-erp\vendor\laravel\framework\src\Illuminate\Routing\Router.php(800): Illuminate\Routing\Router-&gt;runRouteWithinStack()
#36 D:\Programming\1PRODUCTION\Open Source\tpt-free-erp\vendor\laravel\framework\src\Illuminate\Routing\Router.php(764): Illuminate\Routing\Router-&gt;runRoute()
#37 D:\Programming\1PRODUCTION\Open Source\tpt-free-erp\vendor\laravel\framework\src\Illuminate\Routing\Router.php(753): Illuminate\Routing\Router-&gt;dispatchToRoute()
#38 D:\Programming\1PRODUCTION\Open Source\tpt-free-erp\vendor\laravel\framework\src\Illuminate\Foundation\Http\Kernel.php(200): Illuminate\Routing\Router-&gt;dispatch()
#39 D:\Programming\1PRODUCTION\Open Source\tpt-free-erp\vendor\laravel\framework\src\Illuminate\Pipeline\Pipeline.php(180): Illuminate\Foundation\Http\Kernel-&gt;Illuminate\Foundation\Http\{closure}()
#40 D:\Programming\1PRODUCTION\Open Source\tpt-free-erp\vendor\laravel\framework\src\Illuminate\Foundation\Http\Middleware\TransformsRequest.php(21): Illuminate\Pipeline\Pipeline-&gt;Illuminate\Pipeline\{closure}()
#41 D:\Programming\1PRODUCTION\Open Source\tpt-free-erp\vendor\laravel\framework\src\Illuminate\Foundation\Http\Middleware\ConvertEmptyStringsToNull.php(31): Illuminate\Foundation\Http\Middleware\TransformsRequest-&gt;handle()
#42 D:\Programming\1PRODUCTION\Open Source\tpt-free-erp\vendor\laravel\framework\src\Illuminate\Pipeline\Pipeline.php(219): Illuminate\Foundation\Http\Middleware\ConvertEmptyStringsToNull-&gt;handle()
#43 D:\Programming\1PRODUCTION\Open Source\tpt-free-erp\vendor\laravel\framework\src\Illuminate\Foundation\Http\Middleware\TransformsRequest.php(21): Illuminate\Pipeline\Pipeline-&gt;Illuminate\Pipeline\{closure}()
#44 D:\Programming\1PRODUCTION\Open Source\tpt-free-erp\vendor\laravel\framework\src\Illuminate\Foundation\Http\Middleware\TrimStrings.php(51): Illuminate\Foundation\Http\Middleware\TransformsRequest-&gt;handle()
#45 D:\Programming\1PRODUCTION\Open Source\tpt-free-erp\vendor\laravel\framework\src\Illuminate\Pipeline\Pipeline.php(219): Illuminate\Foundation\Http\Middleware\TrimStrings-&gt;handle()
#46 D:\Programming\1PRODUCTION\Open Source\tpt-free-erp\vendor\laravel\framework\src\Illuminate\Http\Middleware\ValidatePostSize.php(27): Illuminate\Pipeline\Pipeline-&gt;Illuminate\Pipeline\{closure}()
#47 D:\Programming\1PRODUCTION\Open Source\tpt-free-erp\vendor\laravel\framework\src\Illuminate\Pipeline\Pipeline.php(219): Illuminate\Http\Middleware\ValidatePostSize-&gt;handle()
#48 D:\Programming\1PRODUCTION\Open Source\tpt-free-erp\vendor\laravel\framework\src\Illuminate\Foundation\Http\Middleware\PreventRequestsDuringMaintenance.php(109): Illuminate\Pipeline\Pipeline-&gt;Illuminate\Pipeline\{closure}()
#49 D:\Programming\1PRODUCTION\Open Source\tpt-free-erp\vendor\laravel\framework\src\Illuminate\Pipeline\Pipeline.php(219): Illuminate\Foundation\Http\Middleware\PreventRequestsDuringMaintenance-&gt;handle()
#50 D:\Programming\1PRODUCTION\Open Source\tpt-free-erp\vendor\laravel\framework\src\Illuminate\Http\Middleware\HandleCors.php(74): Illuminate\Pipeline\Pipeline-&gt;Illuminate\Pipeline\{closure}()
#51 D:\Programming\1PRODUCTION\Open Source\tpt-free-erp\vendor\laravel\framework\src\Illuminate\Pipeline\Pipeline.php(219): Illuminate\Http\Middleware\HandleCors-&gt;handle()
#52 D:\Programming\1PRODUCTION\Open Source\tpt-free-erp\vendor\laravel\framework\src\Illuminate\Http\Middleware\TrustProxies.php(58): Illuminate\Pipeline\Pipeline-&gt;Illuminate\Pipeline\{closure}()
#53 D:\Programming\1PRODUCTION\Open Source\tpt-free-erp\vendor\laravel\framework\src\Illuminate\Pipeline\Pipeline.php(219): Illuminate\Http\Middleware\TrustProxies-&gt;handle()
#54 D:\Programming\1PRODUCTION\Open Source\tpt-free-erp\vendor\laravel\framework\src\Illuminate\Foundation\Http\Middleware\InvokeDeferredCallbacks.php(22): Illuminate\Pipeline\Pipeline-&gt;Illuminate\Pipeline\{closure}()
#55 D:\Programming\1PRODUCTION\Open Source\tpt-free-erp\vendor\laravel\framework\src\Illuminate\Pipeline\Pipeline.php(219): Illuminate\Foundation\Http\Middleware\InvokeDeferredCallbacks-&gt;handle()
#56 D:\Programming\1PRODUCTION\Open Source\tpt-free-erp\vendor\laravel\framework\src\Illuminate\Http\Middleware\ValidatePathEncoding.php(28): Illuminate\Pipeline\Pipeline-&gt;Illuminate\Pipeline\{closure}()
#57 D:\Programming\1PRODUCTION\Open Source\tpt-free-erp\vendor\laravel\framework\src\Illuminate\Pipeline\Pipeline.php(219): Illuminate\Http\Middleware\ValidatePathEncoding-&gt;handle()
#58 D:\Programming\1PRODUCTION\Open Source\tpt-free-erp\vendor\laravel\framework\src\Illuminate\Pipeline\Pipeline.php(137): Illuminate\Pipeline\Pipeline-&gt;Illuminate\Pipeline\{closure}()
#59 D:\Programming\1PRODUCTION\Open Source\tpt-free-erp\vendor\laravel\framework\src\Illuminate\Foundation\Http\Kernel.php(175): Illuminate\Pipeline\Pipeline-&gt;then()
#60 D:\Programming\1PRODUCTION\Open Source\tpt-free-erp\vendor\laravel\framework\src\Illuminate\Foundation\Http\Kernel.php(144): Illuminate\Foundation\Http\Kernel-&gt;sendRequestThroughRouter()
#61 D:\Programming\1PRODUCTION\Open Source\tpt-free-erp\vendor\laravel\framework\src\Illuminate\Foundation\Testing\Concerns\MakesHttpRequests.php(607): Illuminate\Foundation\Http\Kernel-&gt;handle()
#62 D:\Programming\1PRODUCTION\Open Source\tpt-free-erp\vendor\laravel\framework\src\Illuminate\Foundation\Testing\Concerns\MakesHttpRequests.php(573): Illuminate\Foundation\Testing\TestCase-&gt;call()
#63 D:\Programming\1PRODUCTION\Open Source\tpt-free-erp\vendor\laravel\framework\src\Illuminate\Foundation\Testing\Concerns\MakesHttpRequests.php(411): Illuminate\Foundation\Testing\TestCase-&gt;json()
#64 D:\Programming\1PRODUCTION\Open Source\tpt-free-erp\tests\Feature\Assets\AssetTest.php(42): Illuminate\Foundation\Testing\TestCase-&gt;postJson()
#65 D:\Programming\1PRODUCTION\Open Source\tpt-free-erp\vendor\phpunit\phpunit\src\Framework\TestCase.php(1314): Tests\Feature\Assets\AssetTest-&gt;test_can_create_asset()
#66 D:\Programming\1PRODUCTION\Open Source\tpt-free-erp\vendor\phpunit\phpunit\src\Framework\TestCase.php(1351): PHPUnit\Framework\TestCase-&gt;invokeTestMethod()
#67 D:\Programming\1PRODUCTION\Open Source\tpt-free-erp\vendor\phpunit\phpunit\src\Framework\TestCase.php(521): PHPUnit\Framework\TestCase-&gt;runTest()
#68 D:\Programming\1PRODUCTION\Open Source\tpt-free-erp\vendor\phpunit\phpunit\src\Framework\TestRunner\TestRunner.php(99): PHPUnit\Framework\TestCase-&gt;runBare()
#69 D:\Programming\1PRODUCTION\Open Source\tpt-free-erp\vendor\phpunit\phpunit\src\Framework\TestCase.php(361): PHPUnit\Framework\TestRunner-&gt;run()
#70 D:\Programming\1PRODUCTION\Open Source\tpt-free-erp\vendor\phpunit\phpunit\src\Framework\TestSuite.php(374): PHPUnit\Framework\TestCase-&gt;run()
#71 D:\Programming\1PRODUCTION\Open Source\tpt-free-erp\vendor\phpunit\phpunit\src\Framework\TestSuite.php(374): PHPUnit\Framework\TestSuite-&gt;run()
#72 D:\Programming\1PRODUCTION\Open Source\tpt-free-erp\vendor\phpunit\phpunit\src\Framework\TestSuite.php(374): PHPUnit\Framework\TestSuite-&gt;run()
#73 D:\Programming\1PRODUCTION\Open Source\tpt-free-erp\vendor\phpunit\phpunit\src\TextUI\TestRunner.php(64): PHPUnit\Framework\TestSuite-&gt;run()
#74 D:\Programming\1PRODUCTION\Open Source\tpt-free-erp\vendor\phpunit\phpunit\src\TextUI\Application.php(229): PHPUnit\TextUI\TestRunner-&gt;run()
#75 D:\Programming\1PRODUCTION\Open Source\tpt-free-erp\vendor\phpunit\phpunit\phpunit(104): PHPUnit\TextUI\Application-&gt;run()
#76 {main}

Next Illuminate\Database\QueryException: SQLSTATE[23000]: Integrity constraint violation: 19 CHECK constraint failed: type (Connection: sqlite, Database: :memory:, SQL: insert into "assets" ("asset_code", "name", "type", "purchase_date", "purchase_cost", "status", "current_value", "updated_at", "created_at") values (AST-001, Dell Laptop, it_hardware, 2026-01-01 00:00:00, 1500, active, 1500, 2026-05-31 05:18:41, 2026-05-31 05:18:41)) in D:\Programming\1PRODUCTION\Open Source\tpt-free-erp\vendor\laravel\framework\src\Illuminate\Database\Connection.php:841
Stack trace:
#0 D:\Programming\1PRODUCTION\Open Source\tpt-free-erp\vendor\laravel\framework\src\Illuminate\Database\Connection.php(797): Illuminate\Database\Connection-&gt;runQueryCallback()
#1 D:\Programming\1PRODUCTION\Open Source\tpt-free-erp\vendor\laravel\framework\src\Illuminate\Database\Connection.php(576): Illuminate\Database\Connection-&gt;run()
#2 D:\Programming\1PRODUCTION\Open Source\tpt-free-erp\vendor\laravel\framework\src\Illuminate\Database\Connection.php(540): Illuminate\Database\Connection-&gt;statement()
#3 D:\Programming\1PRODUCTION\Open Source\tpt-free-erp\vendor\laravel\framework\src\Illuminate\Database\Query\Processors\Processor.php(32): Illuminate\Database\Connection-&gt;insert()
#4 D:\Programming\1PRODUCTION\Open Source\tpt-free-erp\vendor\laravel\framework\src\Illuminate\Database\Query\Builder.php(4251): Illuminate\Database\Query\Processors\Processor-&gt;processInsertGetId()
#5 D:\Programming\1PRODUCTION\Open Source\tpt-free-erp\vendor\laravel\framework\src\Illuminate\Database\Eloquent\Builder.php(2271): Illuminate\Database\Query\Builder-&gt;insertGetId()
#6 D:\Programming\1PRODUCTION\Open Source\tpt-free-erp\vendor\laravel\framework\src\Illuminate\Database\Eloquent\Model.php(1660): Illuminate\Database\Eloquent\Builder-&gt;__call()
#7 D:\Programming\1PRODUCTION\Open Source\tpt-free-erp\vendor\laravel\framework\src\Illuminate\Database\Eloquent\Model.php(1576): Illuminate\Database\Eloquent\Model-&gt;insertAndSetId()
#8 D:\Programming\1PRODUCTION\Open Source\tpt-free-erp\vendor\laravel\framework\src\Illuminate\Database\Eloquent\Model.php(1380): Illuminate\Database\Eloquent\Model-&gt;performInsert()
#9 D:\Programming\1PRODUCTION\Open Source\tpt-free-erp\vendor\laravel\framework\src\Illuminate\Database\Eloquent\Builder.php(1225): Illuminate\Database\Eloquent\Model-&gt;save()
#10 D:\Programming\1PRODUCTION\Open Source\tpt-free-erp\vendor\laravel\framework\src\Illuminate\Support\helpers.php(393): Illuminate\Database\Eloquent\Builder-&gt;Illuminate\Database\Eloquent\{closure}()
#11 D:\Programming\1PRODUCTION\Open Source\tpt-free-erp\vendor\laravel\framework\src\Illuminate\Database\Eloquent\Builder.php(1224): tap()
#12 D:\Programming\1PRODUCTION\Open Source\tpt-free-erp\vendor\laravel\framework\src\Illuminate\Support\Traits\ForwardsCalls.php(23): Illuminate\Database\Eloquent\Builder-&gt;create()
#13 D:\Programming\1PRODUCTION\Open Source\tpt-free-erp\vendor\laravel\framework\src\Illuminate\Database\Eloquent\Model.php(2807): Illuminate\Database\Eloquent\Model-&gt;forwardCallTo()
#14 D:\Programming\1PRODUCTION\Open Source\tpt-free-erp\vendor\laravel\framework\src\Illuminate\Database\Eloquent\Model.php(2823): Illuminate\Database\Eloquent\Model-&gt;__call()
#15 D:\Programming\1PRODUCTION\Open Source\tpt-free-erp\app\Http\Controllers\Api\Assets\AssetController.php(55): Illuminate\Database\Eloquent\Model::__callStatic()
#16 D:\Programming\1PRODUCTION\Open Source\tpt-free-erp\vendor\laravel\framework\src\Illuminate\Routing\ControllerDispatcher.php(46): App\Http\Controllers\Api\Assets\AssetController-&gt;store()
#17 D:\Programming\1PRODUCTION\Open Source\tpt-free-erp\vendor\laravel\framework\src\Illuminate\Routing\Route.php(269): Illuminate\Routing\ControllerDispatcher-&gt;dispatch()
#18 D:\Programming\1PRODUCTION\Open Source\tpt-free-erp\vendor\laravel\framework\src\Illuminate\Routing\Route.php(215): Illuminate\Routing\Route-&gt;runController()
#19 D:\Programming\1PRODUCTION\Open Source\tpt-free-erp\vendor\laravel\framework\src\Illuminate\Routing\Router.php(822): Illuminate\Routing\Route-&gt;run()
#20 D:\Programming\1PRODUCTION\Open Source\tpt-free-erp\vendor\laravel\framework\src\Illuminate\Pipeline\Pipeline.php(180): Illuminate\Routing\Router-&gt;Illuminate\Routing\{closure}()
#21 D:\Programming\1PRODUCTION\Open Source\tpt-free-erp\app\Http\Middleware\Cors.php(13): Illuminate\Pipeline\Pipeline-&gt;Illuminate\Pipeline\{closure}()
#22 D:\Programming\1PRODUCTION\Open Source\tpt-free-erp\vendor\laravel\framework\src\Illuminate\Pipeline\Pipeline.php(219): App\Http\Middleware\Cors-&gt;handle()
#23 D:\Programming\1PRODUCTION\Open Source\tpt-free-erp\vendor\laravel\framework\src\Illuminate\Routing\Middleware\SubstituteBindings.php(52): Illuminate\Pipeline\Pipeline-&gt;Illuminate\Pipeline\{closure}()
#24 D:\Programming\1PRODUCTION\Open Source\tpt-free-erp\vendor\laravel\framework\src\Illuminate\Pipeline\Pipeline.php(219): Illuminate\Routing\Middleware\SubstituteBindings-&gt;handle()
#25 D:\Programming\1PRODUCTION\Open Source\tpt-free-erp\vendor\laravel\framework\src\Illuminate\Routing\Middleware\ThrottleRequests.php(168): Illuminate\Pipeline\Pipeline-&gt;Illuminate\Pipeline\{closure}()
#26 D:\Programming\1PRODUCTION\Open Source\tpt-free-erp\vendor\laravel\framework\src\Illuminate\Routing\Middleware\ThrottleRequests.php(129): Illuminate\Routing\Middleware\ThrottleRequests-&gt;handleRequest()
#27 D:\Programming\1PRODUCTION\Open Source\tpt-free-erp\vendor\laravel\framework\src\Illuminate\Routing\Middleware\ThrottleRequests.php(90): Illuminate\Routing\Middleware\ThrottleRequests-&gt;handleRequestUsingNamedLimiter()
#28 D:\Programming\1PRODUCTION\Open Source\tpt-free-erp\vendor\laravel\framework\src\Illuminate\Pipeline\Pipeline.php(219): Illuminate\Routing\Middleware\ThrottleRequests-&gt;handle()
#29 D:\Programming\1PRODUCTION\Open Source\tpt-free-erp\vendor\laravel\framework\src\Illuminate\Auth\Middleware\Authenticate.php(63): Illuminate\Pipeline\Pipeline-&gt;Illuminate\Pipeline\{closure}()
#30 D:\Programming\1PRODUCTION\Open Source\tpt-free-erp\vendor\laravel\framework\src\Illuminate\Pipeline\Pipeline.php(219): Illuminate\Auth\Middleware\Authenticate-&gt;handle()
#31 D:\Programming\1PRODUCTION\Open Source\tpt-free-erp\vendor\laravel\framework\src\Illuminate\Pipeline\Pipeline.php(137): Illuminate\Pipeline\Pipeline-&gt;Illuminate\Pipeline\{closure}()
#32 D:\Programming\1PRODUCTION\Open Source\tpt-free-erp\vendor\laravel\framework\src\Illuminate\Routing\Router.php(821): Illuminate\Pipeline\Pipeline-&gt;then()
#33 D:\Programming\1PRODUCTION\Open Source\tpt-free-erp\vendor\laravel\framework\src\Illuminate\Routing\Router.php(800): Illuminate\Routing\Router-&gt;runRouteWithinStack()
#34 D:\Programming\1PRODUCTION\Open Source\tpt-free-erp\vendor\laravel\framework\src\Illuminate\Routing\Router.php(764): Illuminate\Routing\Router-&gt;runRoute()
#35 D:\Programming\1PRODUCTION\Open Source\tpt-free-erp\vendor\laravel\framework\src\Illuminate\Routing\Router.php(753): Illuminate\Routing\Router-&gt;dispatchToRoute()
#36 D:\Programming\1PRODUCTION\Open Source\tpt-free-erp\vendor\laravel\framework\src\Illuminate\Foundation\Http\Kernel.php(200): Illuminate\Routing\Router-&gt;dispatch()
#37 D:\Programming\1PRODUCTION\Open Source\tpt-free-erp\vendor\laravel\framework\src\Illuminate\Pipeline\Pipeline.php(180): Illuminate\Foundation\Http\Kernel-&gt;Illuminate\Foundation\Http\{closure}()
#38 D:\Programming\1PRODUCTION\Open Source\tpt-free-erp\vendor\laravel\framework\src\Illuminate\Foundation\Http\Middleware\TransformsRequest.php(21): Illuminate\Pipeline\Pipeline-&gt;Illuminate\Pipeline\{closure}()
#39 D:\Programming\1PRODUCTION\Open Source\tpt-free-erp\vendor\laravel\framework\src\Illuminate\Foundation\Http\Middleware\ConvertEmptyStringsToNull.php(31): Illuminate\Foundation\Http\Middleware\TransformsRequest-&gt;handle()
#40 D:\Programming\1PRODUCTION\Open Source\tpt-free-erp\vendor\laravel\framework\src\Illuminate\Pipeline\Pipeline.php(219): Illuminate\Foundation\Http\Middleware\ConvertEmptyStringsToNull-&gt;handle()
#41 D:\Programming\1PRODUCTION\Open Source\tpt-free-erp\vendor\laravel\framework\src\Illuminate\Foundation\Http\Middleware\TransformsRequest.php(21): Illuminate\Pipeline\Pipeline-&gt;Illuminate\Pipeline\{closure}()
#42 D:\Programming\1PRODUCTION\Open Source\tpt-free-erp\vendor\laravel\framework\src\Illuminate\Foundation\Http\Middleware\TrimStrings.php(51): Illuminate\Foundation\Http\Middleware\TransformsRequest-&gt;handle()
#43 D:\Programming\1PRODUCTION\Open Source\tpt-free-erp\vendor\laravel\framework\src\Illuminate\Pipeline\Pipeline.php(219): Illuminate\Foundation\Http\Middleware\TrimStrings-&gt;handle()
#44 D:\Programming\1PRODUCTION\Open Source\tpt-free-erp\vendor\laravel\framework\src\Illuminate\Http\Middleware\ValidatePostSize.php(27): Illuminate\Pipeline\Pipeline-&gt;Illuminate\Pipeline\{closure}()
#45 D:\Programming\1PRODUCTION\Open Source\tpt-free-erp\vendor\laravel\framework\src\Illuminate\Pipeline\Pipeline.php(219): Illuminate\Http\Middleware\ValidatePostSize-&gt;handle()
#46 D:\Programming\1PRODUCTION\Open Source\tpt-free-erp\vendor\laravel\framework\src\Illuminate\Foundation\Http\Middleware\PreventRequestsDuringMaintenance.php(109): Illuminate\Pipeline\Pipeline-&gt;Illuminate\Pipeline\{closure}()
#47 D:\Programming\1PRODUCTION\Open Source\tpt-free-erp\vendor\laravel\framework\src\Illuminate\Pipeline\Pipeline.php(219): Illuminate\Foundation\Http\Middleware\PreventRequestsDuringMaintenance-&gt;handle()
#48 D:\Programming\1PRODUCTION\Open Source\tpt-free-erp\vendor\laravel\framework\src\Illuminate\Http\Middleware\HandleCors.php(74): Illuminate\Pipeline\Pipeline-&gt;Illuminate\Pipeline\{closure}()
#49 D:\Programming\1PRODUCTION\Open Source\tpt-free-erp\vendor\laravel\framework\src\Illuminate\Pipeline\Pipeline.php(219): Illuminate\Http\Middleware\HandleCors-&gt;handle()
#50 D:\Programming\1PRODUCTION\Open Source\tpt-free-erp\vendor\laravel\framework\src\Illuminate\Http\Middleware\TrustProxies.php(58): Illuminate\Pipeline\Pipeline-&gt;Illuminate\Pipeline\{closure}()
#51 D:\Programming\1PRODUCTION\Open Source\tpt-free-erp\vendor\laravel\framework\src\Illuminate\Pipeline\Pipeline.php(219): Illuminate\Http\Middleware\TrustProxies-&gt;handle()
#52 D:\Programming\1PRODUCTION\Open Source\tpt-free-erp\vendor\laravel\framework\src\Illuminate\Foundation\Http\Middleware\InvokeDeferredCallbacks.php(22): Illuminate\Pipeline\Pipeline-&gt;Illuminate\Pipeline\{closure}()
#53 D:\Programming\1PRODUCTION\Open Source\tpt-free-erp\vendor\laravel\framework\src\Illuminate\Pipeline\Pipeline.php(219): Illuminate\Foundation\Http\Middleware\InvokeDeferredCallbacks-&gt;handle()
#54 D:\Programming\1PRODUCTION\Open Source\tpt-free-erp\vendor\laravel\framework\src\Illuminate\Http\Middleware\ValidatePathEncoding.php(28): Illuminate\Pipeline\Pipeline-&gt;Illuminate\Pipeline\{closure}()
#55 D:\Programming\1PRODUCTION\Open Source\tpt-free-erp\vendor\laravel\framework\src\Illuminate\Pipeline\Pipeline.php(219): Illuminate\Http\Middleware\ValidatePathEncoding-&gt;handle()
#56 D:\Programming\1PRODUCTION\Open Source\tpt-free-erp\vendor\laravel\framework\src\Illuminate\Pipeline\Pipeline.php(137): Illuminate\Pipeline\Pipeline-&gt;Illuminate\Pipeline\{closure}()
#57 D:\Programming\1PRODUCTION\Open Source\tpt-free-erp\vendor\laravel\framework\src\Illuminate\Foundation\Http\Kernel.php(175): Illuminate\Pipeline\Pipeline-&gt;then()
#58 D:\Programming\1PRODUCTION\Open Source\tpt-free-erp\vendor\laravel\framework\src\Illuminate\Foundation\Http\Kernel.php(144): Illuminate\Foundation\Http\Kernel-&gt;sendRequestThroughRouter()
#59 D:\Programming\1PRODUCTION\Open Source\tpt-free-erp\vendor\laravel\framework\src\Illuminate\Foundation\Testing\Concerns\MakesHttpRequests.php(607): Illuminate\Foundation\Http\Kernel-&gt;handle()
#60 D:\Programming\1PRODUCTION\Open Source\tpt-free-erp\vendor\laravel\framework\src\Illuminate\Foundation\Testing\Concerns\MakesHttpRequests.php(573): Illuminate\Foundation\Testing\TestCase-&gt;call()
#61 D:\Programming\1PRODUCTION\Open Source\tpt-free-erp\vendor\laravel\framework\src\Illuminate\Foundation\Testing\Concerns\MakesHttpRequests.php(411): Illuminate\Foundation\Testing\TestCase-&gt;json()
#62 D:\Programming\1PRODUCTION\Open Source\tpt-free-erp\tests\Feature\Assets\AssetTest.php(42): Illuminate\Foundation\Testing\TestCase-&gt;postJson()
#63 D:\Programming\1PRODUCTION\Open Source\tpt-free-erp\vendor\phpunit\phpunit\src\Framework\TestCase.php(1314): Tests\Feature\Assets\AssetTest-&gt;test_can_create_asset()
#64 D:\Programming\1PRODUCTION\Open Source\tpt-free-erp\vendor\phpunit\phpunit\src\Framework\TestCase.php(1351): PHPUnit\Framework\TestCase-&gt;invokeTestMethod()
#65 D:\Programming\1PRODUCTION\Open Source\tpt-free-erp\vendor\phpunit\phpunit\src\Framework\TestCase.php(521): PHPUnit\Framework\TestCase-&gt;runTest()
#66 D:\Programming\1PRODUCTION\Open Source\tpt-free-erp\vendor\phpunit\phpunit\src\Framework\TestRunner\TestRunner.php(99): PHPUnit\Framework\TestCase-&gt;runBare()
#67 D:\Programming\1PRODUCTION\Open Source\tpt-free-erp\vendor\phpunit\phpunit\src\Framework\TestCase.php(361): PHPUnit\Framework\TestRunner-&gt;run()
#68 D:\Programming\1PRODUCTION\Open Source\tpt-free-erp\vendor\phpunit\phpunit\src\Framework\TestSuite.php(374): PHPUnit\Framework\TestCase-&gt;run()
#69 D:\Programming\1PRODUCTION\Open Source\tpt-free-erp\vendor\phpunit\phpunit\src\Framework\TestSuite.php(374): PHPUnit\Framework\TestSuite-&gt;run()
#70 D:\Programming\1PRODUCTION\Open Source\tpt-free-erp\vendor\phpunit\phpunit\src\Framework\TestSuite.php(374): PHPUnit\Framework\TestSuite-&gt;run()
#71 D:\Programming\1PRODUCTION\Open Source\tpt-free-erp\vendor\phpunit\phpunit\src\TextUI\TestRunner.php(64): PHPUnit\Framework\TestSuite-&gt;run()
#72 D:\Programming\1PRODUCTION\Open Source\tpt-free-erp\vendor\phpunit\phpunit\src\TextUI\Application.php(229): PHPUnit\TextUI\TestRunner-&gt;run()
#73 D:\Programming\1PRODUCTION\Open Source\tpt-free-erp\vendor\phpunit\phpunit\phpunit(104): PHPUnit\TextUI\Application-&gt;run()
#74 {main}

----------------------------------------------------------------------------------

SQLSTATE[23000]: Integrity constraint violation: 19 CHECK constraint failed: type (Connection: sqlite, Database: :memory:, SQL: insert into "assets" ("asset_code", "name", "type", "purchase_date", "purchase_cost", "status", "current_value", "updated_at", "created_at") values (AST-001, Dell Laptop, it_hardware, 2026-01-01 00:00:00, 1500, active, 1500, 2026-05-31 05:18:41, 2026-05-31 05:18:41))
&#13;
D:\Programming\1PRODUCTION\Open Source\tpt-free-erp\vendor\laravel\framework\src\Illuminate\Testing\TestResponseAssert.php:45
D:\Programming\1PRODUCTION\Open Source\tpt-free-erp\vendor\laravel\framework\src\Illuminate\Testing\TestResponse.php:176
D:\Programming\1PRODUCTION\Open Source\tpt-free-erp\vendor\laravel\framework\src\Illuminate\Testing\Concerns\AssertsStatusCodes.php:26
D:\Programming\1PRODUCTION\Open Source\tpt-free-erp\tests\Feature\Assets\AssetTest.php:50</failure>
        </testcase>
        <testcase name="test_create_asset_requires_mandatory_fields" file="D:\Programming\1PRODUCTION\Open Source\tpt-free-erp\tests\Feature\Assets\AssetTest.php" line="54" class="Tests\Feature\Assets\AssetTest" classname="Tests.Feature.Assets.AssetTest" assertions="2" time="0.021747"/>
        <testcase name="test_asset_code_must_be_unique" file="D:\Programming\1PRODUCTION\Open Source\tpt-free-erp\tests\Feature\Assets\AssetTest.php" line="61" class="Tests\Feature\Assets\AssetTest" classname="Tests.Feature.Assets.AssetTest" assertions="1" time="0.020726"/>
        <testcase name="test_can_show_asset" file="D:\Programming\1PRODUCTION\Open Source\tpt-free-erp\tests\Feature\Assets\AssetTest.php" line="76" class="Tests\Feature\Assets\AssetTest" classname="Tests.Feature.Assets.AssetTest" assertions="2" time="0.021885"/>
        <testcase name="test_show_nonexistent_asset_returns_404" file="D:\Programming\1PRODUCTION\Open Source\tpt-free-erp\tests\Feature\Assets\AssetTest.php" line="86" class="Tests\Feature\Assets\AssetTest" classname="Tests.Feature.Assets.AssetTest" assertions="1" time="0.020980"/>
        <testcase name="test_can_calculate_depreciation" file="D:\Programming\1PRODUCTION\Open Source\tpt-free-erp\tests\Feature\Assets\AssetTest.php" line="93" class="Tests\Feature\Assets\AssetTest" classname="Tests.Feature.Assets.AssetTest" assertions="3" time="0.021742"/>
        <testcase name="test_depreciation_requires_configuration" file="D:\Programming\1PRODUCTION\Open Source\tpt-free-erp\tests\Feature\Assets\AssetTest.php" line="109" class="Tests\Feature\Assets\AssetTest" classname="Tests.Feature.Assets.AssetTest" assertions="0" time="0.019883">
          <error type="Illuminate\Database\QueryException">Tests\Feature\Assets\AssetTest::test_depreciation_requires_configuration&#13;
Illuminate\Database\QueryException: SQLSTATE[23000]: Integrity constraint violation: 19 NOT NULL constraint failed: assets.depreciation_method (Connection: sqlite, Database: :memory:, SQL: insert into "assets" ("asset_code", "name", "description", "type", "serial_number", "purchase_date", "purchase_cost", "current_value", "salvage_value", "useful_life_years", "depreciation_method", "status", "assigned_to", "location_id", "updated_at", "created_at") values (AST-0993, quia similique tempora, Excepturi quia eos eveniet voluptatibus tempore., furniture, SN-30125049, 2025-03-19 00:00:00, 39909.77, 39909.77, 3990.98, ?, ?, active, ?, ?, 2026-05-31 05:18:41, 2026-05-31 05:18:41))
&#13;
D:\Programming\1PRODUCTION\Open Source\tpt-free-erp\vendor\laravel\framework\src\Illuminate\Database\Connection.php:841
D:\Programming\1PRODUCTION\Open Source\tpt-free-erp\vendor\laravel\framework\src\Illuminate\Database\Connection.php:797
D:\Programming\1PRODUCTION\Open Source\tpt-free-erp\vendor\laravel\framework\src\Illuminate\Database\Connection.php:576
D:\Programming\1PRODUCTION\Open Source\tpt-free-erp\vendor\laravel\framework\src\Illuminate\Database\Connection.php:540
D:\Programming\1PRODUCTION\Open Source\tpt-free-erp\vendor\laravel\framework\src\Illuminate\Database\Query\Processors\Processor.php:32
D:\Programming\1PRODUCTION\Open Source\tpt-free-erp\vendor\laravel\framework\src\Illuminate\Database\Query\Builder.php:4251
D:\Programming\1PRODUCTION\Open Source\tpt-free-erp\vendor\laravel\framework\src\Illuminate\Database\Eloquent\Builder.php:2271
D:\Programming\1PRODUCTION\Open Source\tpt-free-erp\vendor\laravel\framework\src\Illuminate\Database\Eloquent\Model.php:1660
D:\Programming\1PRODUCTION\Open Source\tpt-free-erp\vendor\laravel\framework\src\Illuminate\Database\Eloquent\Model.php:1576
D:\Programming\1PRODUCTION\Open Source\tpt-free-erp\vendor\laravel\framework\src\Illuminate\Database\Eloquent\Model.php:1380
D:\Programming\1PRODUCTION\Open Source\tpt-free-erp\vendor\laravel\framework\src\Illuminate\Database\Eloquent\Factories\Factory.php:379
D:\Programming\1PRODUCTION\Open Source\tpt-free-erp\vendor\laravel\framework\src\Illuminate\Collections\Traits\EnumeratesValues.php:275
D:\Programming\1PRODUCTION\Open Source\tpt-free-erp\vendor\laravel\framework\src\Illuminate\Database\Eloquent\Factories\Factory.php:374
D:\Programming\1PRODUCTION\Open Source\tpt-free-erp\vendor\laravel\framework\src\Illuminate\Database\Eloquent\Factories\Factory.php:330
D:\Programming\1PRODUCTION\Open Source\tpt-free-erp\vendor\laravel\framework\src\Illuminate\Database\Eloquent\Factories\Factory.php:324
D:\Programming\1PRODUCTION\Open Source\tpt-free-erp\tests\Feature\Assets\AssetTest.php:111</error>
        </testcase>
        <testcase name="test_can_delete_asset" file="D:\Programming\1PRODUCTION\Open Source\tpt-free-erp\tests\Feature\Assets\AssetTest.php" line="121" class="Tests\Feature\Assets\AssetTest" classname="Tests.Feature.Assets.AssetTest" assertions="3" time="0.019860"/>
        <testcase name="test_requires_authentication" file="D:\Programming\1PRODUCTION\Open Source\tpt-free-erp\tests\Feature\Assets\AssetTest.php" line="131" class="Tests\Feature\Assets\AssetTest" classname="Tests.Feature.Assets.AssetTest" assertions="1" time="0.017161"/>
      </testsuite>
      <testsuite name="Tests\Feature\Assets\MaintenanceTest" file="D:\Programming\1PRODUCTION\Open Source\tpt-free-erp\tests\Feature\Assets\MaintenanceTest.php" tests="7" assertions="10" errors="2" failures="1" skipped="0" time="0.144902">
        <testcase name="test_can_list_maintenance_records" file="D:\Programming\1PRODUCTION\Open Source\tpt-free-erp\tests\Feature\Assets\MaintenanceTest.php" line="30" class="Tests\Feature\Assets\MaintenanceTest" classname="Tests.Feature.Assets.MaintenanceTest" assertions="5" time="0.024776"/>
        <testcase name="test_can_create_maintenance_record" file="D:\Programming\1PRODUCTION\Open Source\tpt-free-erp\tests\Feature\Assets\MaintenanceTest.php" line="41" class="Tests\Feature\Assets\MaintenanceTest" classname="Tests.Feature.Assets.MaintenanceTest" assertions="1" time="0.025734">
          <failure type="PHPUnit\Framework\ExpectationFailedException">Tests\Feature\Assets\MaintenanceTest::test_can_create_maintenance_record&#13;
Expected response status code [201] but received 500.
Failed asserting that 500 is identical to 201.&#13;
&#13;
The following exception occurred during the last request:

PDOException: SQLSTATE[23000]: Integrity constraint violation: 19 NOT NULL constraint failed: asset_maintenance.description in D:\Programming\1PRODUCTION\Open Source\tpt-free-erp\vendor\laravel\framework\src\Illuminate\Database\Connection.php:587
Stack trace:
#0 D:\Programming\1PRODUCTION\Open Source\tpt-free-erp\vendor\laravel\framework\src\Illuminate\Database\Connection.php(587): PDOStatement-&gt;execute()
#1 D:\Programming\1PRODUCTION\Open Source\tpt-free-erp\vendor\laravel\framework\src\Illuminate\Database\Connection.php(830): Illuminate\Database\Connection-&gt;Illuminate\Database\{closure}()
#2 D:\Programming\1PRODUCTION\Open Source\tpt-free-erp\vendor\laravel\framework\src\Illuminate\Database\Connection.php(797): Illuminate\Database\Connection-&gt;runQueryCallback()
#3 D:\Programming\1PRODUCTION\Open Source\tpt-free-erp\vendor\laravel\framework\src\Illuminate\Database\Connection.php(576): Illuminate\Database\Connection-&gt;run()
#4 D:\Programming\1PRODUCTION\Open Source\tpt-free-erp\vendor\laravel\framework\src\Illuminate\Database\Connection.php(540): Illuminate\Database\Connection-&gt;statement()
#5 D:\Programming\1PRODUCTION\Open Source\tpt-free-erp\vendor\laravel\framework\src\Illuminate\Database\Query\Processors\Processor.php(32): Illuminate\Database\Connection-&gt;insert()
#6 D:\Programming\1PRODUCTION\Open Source\tpt-free-erp\vendor\laravel\framework\src\Illuminate\Database\Query\Builder.php(4251): Illuminate\Database\Query\Processors\Processor-&gt;processInsertGetId()
#7 D:\Programming\1PRODUCTION\Open Source\tpt-free-erp\vendor\laravel\framework\src\Illuminate\Database\Eloquent\Builder.php(2271): Illuminate\Database\Query\Builder-&gt;insertGetId()
#8 D:\Programming\1PRODUCTION\Open Source\tpt-free-erp\vendor\laravel\framework\src\Illuminate\Database\Eloquent\Model.php(1660): Illuminate\Database\Eloquent\Builder-&gt;__call()
#9 D:\Programming\1PRODUCTION\Open Source\tpt-free-erp\vendor\laravel\framework\src\Illuminate\Database\Eloquent\Model.php(1576): Illuminate\Database\Eloquent\Model-&gt;insertAndSetId()
#10 D:\Programming\1PRODUCTION\Open Source\tpt-free-erp\vendor\laravel\framework\src\Illuminate\Database\Eloquent\Model.php(1380): Illuminate\Database\Eloquent\Model-&gt;performInsert()
#11 D:\Programming\1PRODUCTION\Open Source\tpt-free-erp\vendor\laravel\framework\src\Illuminate\Database\Eloquent\Builder.php(1225): Illuminate\Database\Eloquent\Model-&gt;save()
#12 D:\Programming\1PRODUCTION\Open Source\tpt-free-erp\vendor\laravel\framework\src\Illuminate\Support\helpers.php(393): Illuminate\Database\Eloquent\Builder-&gt;Illuminate\Database\Eloquent\{closure}()
#13 D:\Programming\1PRODUCTION\Open Source\tpt-free-erp\vendor\laravel\framework\src\Illuminate\Database\Eloquent\Builder.php(1224): tap()
#14 D:\Programming\1PRODUCTION\Open Source\tpt-free-erp\vendor\laravel\framework\src\Illuminate\Support\Traits\ForwardsCalls.php(23): Illuminate\Database\Eloquent\Builder-&gt;create()
#15 D:\Programming\1PRODUCTION\Open Source\tpt-free-erp\vendor\laravel\framework\src\Illuminate\Database\Eloquent\Model.php(2807): Illuminate\Database\Eloquent\Model-&gt;forwardCallTo()
#16 D:\Programming\1PRODUCTION\Open Source\tpt-free-erp\vendor\laravel\framework\src\Illuminate\Database\Eloquent\Model.php(2823): Illuminate\Database\Eloquent\Model-&gt;__call()
#17 D:\Programming\1PRODUCTION\Open Source\tpt-free-erp\app\Http\Controllers\Api\Assets\MaintenanceController.php(37): Illuminate\Database\Eloquent\Model::__callStatic()
#18 D:\Programming\1PRODUCTION\Open Source\tpt-free-erp\vendor\laravel\framework\src\Illuminate\Routing\ControllerDispatcher.php(46): App\Http\Controllers\Api\Assets\MaintenanceController-&gt;store()
#19 D:\Programming\1PRODUCTION\Open Source\tpt-free-erp\vendor\laravel\framework\src\Illuminate\Routing\Route.php(269): Illuminate\Routing\ControllerDispatcher-&gt;dispatch()
#20 D:\Programming\1PRODUCTION\Open Source\tpt-free-erp\vendor\laravel\framework\src\Illuminate\Routing\Route.php(215): Illuminate\Routing\Route-&gt;runController()
#21 D:\Programming\1PRODUCTION\Open Source\tpt-free-erp\vendor\laravel\framework\src\Illuminate\Routing\Router.php(822): Illuminate\Routing\Route-&gt;run()
#22 D:\Programming\1PRODUCTION\Open Source\tpt-free-erp\vendor\laravel\framework\src\Illuminate\Pipeline\Pipeline.php(180): Illuminate\Routing\Router-&gt;Illuminate\Routing\{closure}()
#23 D:\Programming\1PRODUCTION\Open Source\tpt-free-erp\app\Http\Middleware\Cors.php(13): Illuminate\Pipeline\Pipeline-&gt;Illuminate\Pipeline\{closure}()
#24 D:\Programming\1PRODUCTION\Open Source\tpt-free-erp\vendor\laravel\framework\src\Illuminate\Pipeline\Pipeline.php(219): App\Http\Middleware\Cors-&gt;handle()
#25 D:\Programming\1PRODUCTION\Open Source\tpt-free-erp\vendor\laravel\framework\src\Illuminate\Routing\Middleware\SubstituteBindings.php(52): Illuminate\Pipeline\Pipeline-&gt;Illuminate\Pipeline\{closure}()
#26 D:\Programming\1PRODUCTION\Open Source\tpt-free-erp\vendor\laravel\framework\src\Illuminate\Pipeline\Pipeline.php(219): Illuminate\Routing\Middleware\SubstituteBindings-&gt;handle()
#27 D:\Programming\1PRODUCTION\Open Source\tpt-free-erp\vendor\laravel\framework\src\Illuminate\Routing\Middleware\ThrottleRequests.php(168): Illuminate\Pipeline\Pipeline-&gt;Illuminate\Pipeline\{closure}()
#28 D:\Programming\1PRODUCTION\Open Source\tpt-free-erp\vendor\laravel\framework\src\Illuminate\Routing\Middleware\ThrottleRequests.php(129): Illuminate\Routing\Middleware\ThrottleRequests-&gt;handleRequest()
#29 D:\Programming\1PRODUCTION\Open Source\tpt-free-erp\vendor\laravel\framework\src\Illuminate\Routing\Middleware\ThrottleRequests.php(90): Illuminate\Routing\Middleware\ThrottleRequests-&gt;handleRequestUsingNamedLimiter()
#30 D:\Programming\1PRODUCTION\Open Source\tpt-free-erp\vendor\laravel\framework\src\Illuminate\Pipeline\Pipeline.php(219): Illuminate\Routing\Middleware\ThrottleRequests-&gt;handle()
#31 D:\Programming\1PRODUCTION\Open Source\tpt-free-erp\vendor\laravel\framework\src\Illuminate\Auth\Middleware\Authenticate.php(63): Illuminate\Pipeline\Pipeline-&gt;Illuminate\Pipeline\{closure}()
#32 D:\Programming\1PRODUCTION\Open Source\tpt-free-erp\vendor\laravel\framework\src\Illuminate\Pipeline\Pipeline.php(219): Illuminate\Auth\Middleware\Authenticate-&gt;handle()
#33 D:\Programming\1PRODUCTION\Open Source\tpt-free-erp\vendor\laravel\framework\src\Illuminate\Pipeline\Pipeline.php(137): Illuminate\Pipeline\Pipeline-&gt;Illuminate\Pipeline\{closure}()
#34 D:\Programming\1PRODUCTION\Open Source\tpt-free-erp\vendor\laravel\framework\src\Illuminate\Routing\Router.php(821): Illuminate\Pipeline\Pipeline-&gt;then()
#35 D:\Programming\1PRODUCTION\Open Source\tpt-free-erp\vendor\laravel\framework\src\Illuminate\Routing\Router.php(800): Illuminate\Routing\Router-&gt;runRouteWithinStack()
#36 D:\Programming\1PRODUCTION\Open Source\tpt-free-erp\vendor\laravel\framework\src\Illuminate\Routing\Router.php(764): Illuminate\Routing\Router-&gt;runRoute()
#37 D:\Programming\1PRODUCTION\Open Source\tpt-free-erp\vendor\laravel\framework\src\Illuminate\Routing\Router.php(753): Illuminate\Routing\Router-&gt;dispatchToRoute()
#38 D:\Programming\1PRODUCTION\Open Source\tpt-free-erp\vendor\laravel\framework\src\Illuminate\Foundation\Http\Kernel.php(200): Illuminate\Routing\Router-&gt;dispatch()
#39 D:\Programming\1PRODUCTION\Open Source\tpt-free-erp\vendor\laravel\framework\src\Illuminate\Pipeline\Pipeline.php(180): Illuminate\Foundation\Http\Kernel-&gt;Illuminate\Foundation\Http\{closure}()
#40 D:\Programming\1PRODUCTION\Open Source\tpt-free-erp\vendor\laravel\framework\src\Illuminate\Foundation\Http\Middleware\TransformsRequest.php(21): Illuminate\Pipeline\Pipeline-&gt;Illuminate\Pipeline\{closure}()
#41 D:\Programming\1PRODUCTION\Open Source\tpt-free-erp\vendor\laravel\framework\src\Illuminate\Foundation\Http\Middleware\ConvertEmptyStringsToNull.php(31): Illuminate\Foundation\Http\Middleware\TransformsRequest-&gt;handle()
#42 D:\Programming\1PRODUCTION\Open Source\tpt-free-erp\vendor\laravel\framework\src\Illuminate\Pipeline\Pipeline.php(219): Illuminate\Foundation\Http\Middleware\ConvertEmptyStringsToNull-&gt;handle()
#43 D:\Programming\1PRODUCTION\Open Source\tpt-free-erp\vendor\laravel\framework\src\Illuminate\Foundation\Http\Middleware\TransformsRequest.php(21): Illuminate\Pipeline\Pipeline-&gt;Illuminate\Pipeline\{closure}()
#44 D:\Programming\1PRODUCTION\Open Source\tpt-free-erp\vendor\laravel\framework\src\Illuminate\Foundation\Http\Middleware\TrimStrings.php(51): Illuminate\Foundation\Http\Middleware\TransformsRequest-&gt;handle()
#45 D:\Programming\1PRODUCTION\Open Source\tpt-free-erp\vendor\laravel\framework\src\Illuminate\Pipeline\Pipeline.php(219): Illuminate\Foundation\Http\Middleware\TrimStrings-&gt;handle()
#46 D:\Programming\1PRODUCTION\Open Source\tpt-free-erp\vendor\laravel\framework\src\Illuminate\Http\Middleware\ValidatePostSize.php(27): Illuminate\Pipeline\Pipeline-&gt;Illuminate\Pipeline\{closure}()
#47 D:\Programming\1PRODUCTION\Open Source\tpt-free-erp\vendor\laravel\framework\src\Illuminate\Pipeline\Pipeline.php(219): Illuminate\Http\Middleware\ValidatePostSize-&gt;handle()
#48 D:\Programming\1PRODUCTION\Open Source\tpt-free-erp\vendor\laravel\framework\src\Illuminate\Foundation\Http\Middleware\PreventRequestsDuringMaintenance.php(109): Illuminate\Pipeline\Pipeline-&gt;Illuminate\Pipeline\{closure}()
#49 D:\Programming\1PRODUCTION\Open Source\tpt-free-erp\vendor\laravel\framework\src\Illuminate\Pipeline\Pipeline.php(219): Illuminate\Foundation\Http\Middleware\PreventRequestsDuringMaintenance-&gt;handle()
#50 D:\Programming\1PRODUCTION\Open Source\tpt-free-erp\vendor\laravel\framework\src\Illuminate\Http\Middleware\HandleCors.php(74): Illuminate\Pipeline\Pipeline-&gt;Illuminate\Pipeline\{closure}()
#51 D:\Programming\1PRODUCTION\Open Source\tpt-free-erp\vendor\laravel\framework\src\Illuminate\Pipeline\Pipeline.php(219): Illuminate\Http\Middleware\HandleCors-&gt;handle()
#52 D:\Programming\1PRODUCTION\Open Source\tpt-free-erp\vendor\laravel\framework\src\Illuminate\Http\Middleware\TrustProxies.php(58): Illuminate\Pipeline\Pipeline-&gt;Illuminate\Pipeline\{closure}()
#53 D:\Programming\1PRODUCTION\Open Source\tpt-free-erp\vendor\laravel\framework\src\Illuminate\Pipeline\Pipeline.php(219): Illuminate\Http\Middleware\TrustProxies-&gt;handle()
#54 D:\Programming\1PRODUCTION\Open Source\tpt-free-erp\vendor\laravel\framework\src\Illuminate\Foundation\Http\Middleware\InvokeDeferredCallbacks.php(22): Illuminate\Pipeline\Pipeline-&gt;Illuminate\Pipeline\{closure}()
#55 D:\Programming\1PRODUCTION\Open Source\tpt-free-erp\vendor\laravel\framework\src\Illuminate\Pipeline\Pipeline.php(219): Illuminate\Foundation\Http\Middleware\InvokeDeferredCallbacks-&gt;handle()
#56 D:\Programming\1PRODUCTION\Open Source\tpt-free-erp\vendor\laravel\framework\src\Illuminate\Http\Middleware\ValidatePathEncoding.php(28): Illuminate\Pipeline\Pipeline-&gt;Illuminate\Pipeline\{closure}()
#57 D:\Programming\1PRODUCTION\Open Source\tpt-free-erp\vendor\laravel\framework\src\Illuminate\Pipeline\Pipeline.php(219): Illuminate\Http\Middleware\ValidatePathEncoding-&gt;handle()
#58 D:\Programming\1PRODUCTION\Open Source\tpt-free-erp\vendor\laravel\framework\src\Illuminate\Pipeline\Pipeline.php(137): Illuminate\Pipeline\Pipeline-&gt;Illuminate\Pipeline\{closure}()
#59 D:\Programming\1PRODUCTION\Open Source\tpt-free-erp\vendor\laravel\framework\src\Illuminate\Foundation\Http\Kernel.php(175): Illuminate\Pipeline\Pipeline-&gt;then()
#60 D:\Programming\1PRODUCTION\Open Source\tpt-free-erp\vendor\laravel\framework\src\Illuminate\Foundation\Http\Kernel.php(144): Illuminate\Foundation\Http\Kernel-&gt;sendRequestThroughRouter()
#61 D:\Programming\1PRODUCTION\Open Source\tpt-free-erp\vendor\laravel\framework\src\Illuminate\Foundation\Testing\Concerns\MakesHttpRequests.php(607): Illuminate\Foundation\Http\Kernel-&gt;handle()
#62 D:\Programming\1PRODUCTION\Open Source\tpt-free-erp\vendor\laravel\framework\src\Illuminate\Foundation\Testing\Concerns\MakesHttpRequests.php(573): Illuminate\Foundation\Testing\TestCase-&gt;call()
#63 D:\Programming\1PRODUCTION\Open Source\tpt-free-erp\vendor\laravel\framework\src\Illuminate\Foundation\Testing\Concerns\MakesHttpRequests.php(411): Illuminate\Foundation\Testing\TestCase-&gt;json()
#64 D:\Programming\1PRODUCTION\Open Source\tpt-free-erp\tests\Feature\Assets\MaintenanceTest.php(45): Illuminate\Foundation\Testing\TestCase-&gt;postJson()
#65 D:\Programming\1PRODUCTION\Open Source\tpt-free-erp\vendor\phpunit\phpunit\src\Framework\TestCase.php(1314): Tests\Feature\Assets\MaintenanceTest-&gt;test_can_create_maintenance_record()
#66 D:\Programming\1PRODUCTION\Open Source\tpt-free-erp\vendor\phpunit\phpunit\src\Framework\TestCase.php(1351): PHPUnit\Framework\TestCase-&gt;invokeTestMethod()
#67 D:\Programming\1PRODUCTION\Open Source\tpt-free-erp\vendor\phpunit\phpunit\src\Framework\TestCase.php(521): PHPUnit\Framework\TestCase-&gt;runTest()
#68 D:\Programming\1PRODUCTION\Open Source\tpt-free-erp\vendor\phpunit\phpunit\src\Framework\TestRunner\TestRunner.php(99): PHPUnit\Framework\TestCase-&gt;runBare()
#69 D:\Programming\1PRODUCTION\Open Source\tpt-free-erp\vendor\phpunit\phpunit\src\Framework\TestCase.php(361): PHPUnit\Framework\TestRunner-&gt;run()
#70 D:\Programming\1PRODUCTION\Open Source\tpt-free-erp\vendor\phpunit\phpunit\src\Framework\TestSuite.php(374): PHPUnit\Framework\TestCase-&gt;run()
#71 D:\Programming\1PRODUCTION\Open Source\tpt-free-erp\vendor\phpunit\phpunit\src\Framework\TestSuite.php(374): PHPUnit\Framework\TestSuite-&gt;run()
#72 D:\Programming\1PRODUCTION\Open Source\tpt-free-erp\vendor\phpunit\phpunit\src\Framework\TestSuite.php(374): PHPUnit\Framework\TestSuite-&gt;run()
#73 D:\Programming\1PRODUCTION\Open Source\tpt-free-erp\vendor\phpunit\phpunit\src\TextUI\TestRunner.php(64): PHPUnit\Framework\TestSuite-&gt;run()
#74 D:\Programming\1PRODUCTION\Open Source\tpt-free-erp\vendor\phpunit\phpunit\src\TextUI\Application.php(229): PHPUnit\TextUI\TestRunner-&gt;run()
#75 D:\Programming\1PRODUCTION\Open Source\tpt-free-erp\vendor\phpunit\phpunit\phpunit(104): PHPUnit\TextUI\Application-&gt;run()
#76 {main}

Next Illuminate\Database\QueryException: SQLSTATE[23000]: Integrity constraint violation: 19 NOT NULL constraint failed: asset_maintenance.description (Connection: sqlite, Database: :memory:, SQL: insert into "asset_maintenance" ("asset_id", "title", "type", "scheduled_date", "status", "updated_at", "created_at") values (1, Annual service, preventive, 2026-06-15 00:00:00, scheduled, 2026-05-31 05:18:41, 2026-05-31 05:18:41)) in D:\Programming\1PRODUCTION\Open Source\tpt-free-erp\vendor\laravel\framework\src\Illuminate\Database\Connection.php:841
Stack trace:
#0 D:\Programming\1PRODUCTION\Open Source\tpt-free-erp\vendor\laravel\framework\src\Illuminate\Database\Connection.php(797): Illuminate\Database\Connection-&gt;runQueryCallback()
#1 D:\Programming\1PRODUCTION\Open Source\tpt-free-erp\vendor\laravel\framework\src\Illuminate\Database\Connection.php(576): Illuminate\Database\Connection-&gt;run()
#2 D:\Programming\1PRODUCTION\Open Source\tpt-free-erp\vendor\laravel\framework\src\Illuminate\Database\Connection.php(540): Illuminate\Database\Connection-&gt;statement()
#3 D:\Programming\1PRODUCTION\Open Source\tpt-free-erp\vendor\laravel\framework\src\Illuminate\Database\Query\Processors\Processor.php(32): Illuminate\Database\Connection-&gt;insert()
#4 D:\Programming\1PRODUCTION\Open Source\tpt-free-erp\vendor\laravel\framework\src\Illuminate\Database\Query\Builder.php(4251): Illuminate\Database\Query\Processors\Processor-&gt;processInsertGetId()
#5 D:\Programming\1PRODUCTION\Open Source\tpt-free-erp\vendor\laravel\framework\src\Illuminate\Database\Eloquent\Builder.php(2271): Illuminate\Database\Query\Builder-&gt;insertGetId()
#6 D:\Programming\1PRODUCTION\Open Source\tpt-free-erp\vendor\laravel\framework\src\Illuminate\Database\Eloquent\Model.php(1660): Illuminate\Database\Eloquent\Builder-&gt;__call()
#7 D:\Programming\1PRODUCTION\Open Source\tpt-free-erp\vendor\laravel\framework\src\Illuminate\Database\Eloquent\Model.php(1576): Illuminate\Database\Eloquent\Model-&gt;insertAndSetId()
#8 D:\Programming\1PRODUCTION\Open Source\tpt-free-erp\vendor\laravel\framework\src\Illuminate\Database\Eloquent\Model.php(1380): Illuminate\Database\Eloquent\Model-&gt;performInsert()
#9 D:\Programming\1PRODUCTION\Open Source\tpt-free-erp\vendor\laravel\framework\src\Illuminate\Database\Eloquent\Builder.php(1225): Illuminate\Database\Eloquent\Model-&gt;save()
#10 D:\Programming\1PRODUCTION\Open Source\tpt-free-erp\vendor\laravel\framework\src\Illuminate\Support\helpers.php(393): Illuminate\Database\Eloquent\Builder-&gt;Illuminate\Database\Eloquent\{closure}()
#11 D:\Programming\1PRODUCTION\Open Source\tpt-free-erp\vendor\laravel\framework\src\Illuminate\Database\Eloquent\Builder.php(1224): tap()
#12 D:\Programming\1PRODUCTION\Open Source\tpt-free-erp\vendor\laravel\framework\src\Illuminate\Support\Traits\ForwardsCalls.php(23): Illuminate\Database\Eloquent\Builder-&gt;create()
#13 D:\Programming\1PRODUCTION\Open Source\tpt-free-erp\vendor\laravel\framework\src\Illuminate\Database\Eloquent\Model.php(2807): Illuminate\Database\Eloquent\Model-&gt;forwardCallTo()
#14 D:\Programming\1PRODUCTION\Open Source\tpt-free-erp\vendor\laravel\framework\src\Illuminate\Database\Eloquent\Model.php(2823): Illuminate\Database\Eloquent\Model-&gt;__call()
#15 D:\Programming\1PRODUCTION\Open Source\tpt-free-erp\app\Http\Controllers\Api\Assets\MaintenanceController.php(37): Illuminate\Database\Eloquent\Model::__callStatic()
#16 D:\Programming\1PRODUCTION\Open Source\tpt-free-erp\vendor\laravel\framework\src\Illuminate\Routing\ControllerDispatcher.php(46): App\Http\Controllers\Api\Assets\MaintenanceController-&gt;store()
#17 D:\Programming\1PRODUCTION\Open Source\tpt-free-erp\vendor\laravel\framework\src\Illuminate\Routing\Route.php(269): Illuminate\Routing\ControllerDispatcher-&gt;dispatch()
#18 D:\Programming\1PRODUCTION\Open Source\tpt-free-erp\vendor\laravel\framework\src\Illuminate\Routing\Route.php(215): Illuminate\Routing\Route-&gt;runController()
#19 D:\Programming\1PRODUCTION\Open Source\tpt-free-erp\vendor\laravel\framework\src\Illuminate\Routing\Router.php(822): Illuminate\Routing\Route-&gt;run()
#20 D:\Programming\1PRODUCTION\Open Source\tpt-free-erp\vendor\laravel\framework\src\Illuminate\Pipeline\Pipeline.php(180): Illuminate\Routing\Router-&gt;Illuminate\Routing\{closure}()
#21 D:\Programming\1PRODUCTION\Open Source\tpt-free-erp\app\Http\Middleware\Cors.php(13): Illuminate\Pipeline\Pipeline-&gt;Illuminate\Pipeline\{closure}()
#22 D:\Programming\1PRODUCTION\Open Source\tpt-free-erp\vendor\laravel\framework\src\Illuminate\Pipeline\Pipeline.php(219): App\Http\Middleware\Cors-&gt;handle()
#23 D:\Programming\1PRODUCTION\Open Source\tpt-free-erp\vendor\laravel\framework\src\Illuminate\Routing\Middleware\SubstituteBindings.php(52): Illuminate\Pipeline\Pipeline-&gt;Illuminate\Pipeline\{closure}()
#24 D:\Programming\1PRODUCTION\Open Source\tpt-free-erp\vendor\laravel\framework\src\Illuminate\Pipeline\Pipeline.php(219): Illuminate\Routing\Middleware\SubstituteBindings-&gt;handle()
#25 D:\Programming\1PRODUCTION\Open Source\tpt-free-erp\vendor\laravel\framework\src\Illuminate\Routing\Middleware\ThrottleRequests.php(168): Illuminate\Pipeline\Pipeline-&gt;Illuminate\Pipeline\{closure}()
#26 D:\Programming\1PRODUCTION\Open Source\tpt-free-erp\vendor\laravel\framework\src\Illuminate\Routing\Middleware\ThrottleRequests.php(129): Illuminate\Routing\Middleware\ThrottleRequests-&gt;handleRequest()
#27 D:\Programming\1PRODUCTION\Open Source\tpt-free-erp\vendor\laravel\framework\src\Illuminate\Routing\Middleware\ThrottleRequests.php(90): Illuminate\Routing\Middleware\ThrottleRequests-&gt;handleRequestUsingNamedLimiter()
#28 D:\Programming\1PRODUCTION\Open Source\tpt-free-erp\vendor\laravel\framework\src\Illuminate\Pipeline\Pipeline.php(219): Illuminate\Routing\Middleware\ThrottleRequests-&gt;handle()
#29 D:\Programming\1PRODUCTION\Open Source\tpt-free-erp\vendor\laravel\framework\src\Illuminate\Auth\Middleware\Authenticate.php(63): Illuminate\Pipeline\Pipeline-&gt;Illuminate\Pipeline\{closure}()
#30 D:\Programming\1PRODUCTION\Open Source\tpt-free-erp\vendor\laravel\framework\src\Illuminate\Pipeline\Pipeline.php(219): Illuminate\Auth\Middleware\Authenticate-&gt;handle()
#31 D:\Programming\1PRODUCTION\Open Source\tpt-free-erp\vendor\laravel\framework\src\Illuminate\Pipeline\Pipeline.php(137): Illuminate\Pipeline\Pipeline-&gt;Illuminate\Pipeline\{closure}()
#32 D:\Programming\1PRODUCTION\Open Source\tpt-free-erp\vendor\laravel\framework\src\Illuminate\Routing\Router.php(821): Illuminate\Pipeline\Pipeline-&gt;then()
#33 D:\Programming\1PRODUCTION\Open Source\tpt-free-erp\vendor\laravel\framework\src\Illuminate\Routing\Router.php(800): Illuminate\Routing\Router-&gt;runRouteWithinStack()
#34 D:\Programming\1PRODUCTION\Open Source\tpt-free-erp\vendor\laravel\framework\src\Illuminate\Routing\Router.php(764): Illuminate\Routing\Router-&gt;runRoute()
#35 D:\Programming\1PRODUCTION\Open Source\tpt-free-erp\vendor\laravel\framework\src\Illuminate\Routing\Router.php(753): Illuminate\Routing\Router-&gt;dispatchToRoute()
#36 D:\Programming\1PRODUCTION\Open Source\tpt-free-erp\vendor\laravel\framework\src\Illuminate\Foundation\Http\Kernel.php(200): Illuminate\Routing\Router-&gt;dispatch()
#37 D:\Programming\1PRODUCTION\Open Source\tpt-free-erp\vendor\laravel\framework\src\Illuminate\Pipeline\Pipeline.php(180): Illuminate\Foundation\Http\Kernel-&gt;Illuminate\Foundation\Http\{closure}()
#38 D:\Programming\1PRODUCTION\Open Source\tpt-free-erp\vendor\laravel\framework\src\Illuminate\Foundation\Http\Middleware\TransformsRequest.php(21): Illuminate\Pipeline\Pipeline-&gt;Illuminate\Pipeline\{closure}()
#39 D:\Programming\1PRODUCTION\Open Source\tpt-free-erp\vendor\laravel\framework\src\Illuminate\Foundation\Http\Middleware\ConvertEmptyStringsToNull.php(31): Illuminate\Foundation\Http\Middleware\TransformsRequest-&gt;handle()
#40 D:\Programming\1PRODUCTION\Open Source\tpt-free-erp\vendor\laravel\framework\src\Illuminate\Pipeline\Pipeline.php(219): Illuminate\Foundation\Http\Middleware\ConvertEmptyStringsToNull-&gt;handle()
#41 D:\Programming\1PRODUCTION\Open Source\tpt-free-erp\vendor\laravel\framework\src\Illuminate\Foundation\Http\Middleware\TransformsRequest.php(21): Illuminate\Pipeline\Pipeline-&gt;Illuminate\Pipeline\{closure}()
#42 D:\Programming\1PRODUCTION\Open Source\tpt-free-erp\vendor\laravel\framework\src\Illuminate\Foundation\Http\Middleware\TrimStrings.php(51): Illuminate\Foundation\Http\Middleware\TransformsRequest-&gt;handle()
#43 D:\Programming\1PRODUCTION\Open Source\tpt-free-erp\vendor\laravel\framework\src\Illuminate\Pipeline\Pipeline.php(219): Illuminate\Foundation\Http\Middleware\TrimStrings-&gt;handle()
#44 D:\Programming\1PRODUCTION\Open Source\tpt-free-erp\vendor\laravel\framework\src\Illuminate\Http\Middleware\ValidatePostSize.php(27): Illuminate\Pipeline\Pipeline-&gt;Illuminate\Pipeline\{closure}()
#45 D:\Programming\1PRODUCTION\Open Source\tpt-free-erp\vendor\laravel\framework\src\Illuminate\Pipeline\Pipeline.php(219): Illuminate\Http\Middleware\ValidatePostSize-&gt;handle()
#46 D:\Programming\1PRODUCTION\Open Source\tpt-free-erp\vendor\laravel\framework\src\Illuminate\Foundation\Http\Middleware\PreventRequestsDuringMaintenance.php(109): Illuminate\Pipeline\Pipeline-&gt;Illuminate\Pipeline\{closure}()
#47 D:\Programming\1PRODUCTION\Open Source\tpt-free-erp\vendor\laravel\framework\src\Illuminate\Pipeline\Pipeline.php(219): Illuminate\Foundation\Http\Middleware\PreventRequestsDuringMaintenance-&gt;handle()
#48 D:\Programming\1PRODUCTION\Open Source\tpt-free-erp\vendor\laravel\framework\src\Illuminate\Http\Middleware\HandleCors.php(74): Illuminate\Pipeline\Pipeline-&gt;Illuminate\Pipeline\{closure}()
#49 D:\Programming\1PRODUCTION\Open Source\tpt-free-erp\vendor\laravel\framework\src\Illuminate\Pipeline\Pipeline.php(219): Illuminate\Http\Middleware\HandleCors-&gt;handle()
#50 D:\Programming\1PRODUCTION\Open Source\tpt-free-erp\vendor\laravel\framework\src\Illuminate\Http\Middleware\TrustProxies.php(58): Illuminate\Pipeline\Pipeline-&gt;Illuminate\Pipeline\{closure}()
#51 D:\Programming\1PRODUCTION\Open Source\tpt-free-erp\vendor\laravel\framework\src\Illuminate\Pipeline\Pipeline.php(219): Illuminate\Http\Middleware\TrustProxies-&gt;handle()
#52 D:\Programming\1PRODUCTION\Open Source\tpt-free-erp\vendor\laravel\framework\src\Illuminate\Foundation\Http\Middleware\InvokeDeferredCallbacks.php(22): Illuminate\Pipeline\Pipeline-&gt;Illuminate\Pipeline\{closure}()
#53 D:\Programming\1PRODUCTION\Open Source\tpt-free-erp\vendor\laravel\framework\src\Illuminate\Pipeline\Pipeline.php(219): Illuminate\Foundation\Http\Middleware\InvokeDeferredCallbacks-&gt;handle()
#54 D:\Programming\1PRODUCTION\Open Source\tpt-free-erp\vendor\laravel\framework\src\Illuminate\Http\Middleware\ValidatePathEncoding.php(28): Illuminate\Pipeline\Pipeline-&gt;Illuminate\Pipeline\{closure}()
#55 D:\Programming\1PRODUCTION\Open Source\tpt-free-erp\vendor\laravel\framework\src\Illuminate\Pipeline\Pipeline.php(219): Illuminate\Http\Middleware\ValidatePathEncoding-&gt;handle()
#56 D:\Programming\1PRODUCTION\Open Source\tpt-free-erp\vendor\laravel\framework\src\Illuminate\Pipeline\Pipeline.php(137): Illuminate\Pipeline\Pipeline-&gt;Illuminate\Pipeline\{closure}()
#57 D:\Programming\1PRODUCTION\Open Source\tpt-free-erp\vendor\laravel\framework\src\Illuminate\Foundation\Http\Kernel.php(175): Illuminate\Pipeline\Pipeline-&gt;then()
#58 D:\Programming\1PRODUCTION\Open Source\tpt-free-erp\vendor\laravel\framework\src\Illuminate\Foundation\Http\Kernel.php(144): Illuminate\Foundation\Http\Kernel-&gt;sendRequestThroughRouter()
#59 D:\Programming\1PRODUCTION\Open Source\tpt-free-erp\vendor\laravel\framework\src\Illuminate\Foundation\Testing\Concerns\MakesHttpRequests.php(607): Illuminate\Foundation\Http\Kernel-&gt;handle()
#60 D:\Programming\1PRODUCTION\Open Source\tpt-free-erp\vendor\laravel\framework\src\Illuminate\Foundation\Testing\Concerns\MakesHttpRequests.php(573): Illuminate\Foundation\Testing\TestCase-&gt;call()
#61 D:\Programming\1PRODUCTION\Open Source\tpt-free-erp\vendor\laravel\framework\src\Illuminate\Foundation\Testing\Concerns\MakesHttpRequests.php(411): Illuminate\Foundation\Testing\TestCase-&gt;json()
#62 D:\Programming\1PRODUCTION\Open Source\tpt-free-erp\tests\Feature\Assets\MaintenanceTest.php(45): Illuminate\Foundation\Testing\TestCase-&gt;postJson()
#63 D:\Programming\1PRODUCTION\Open Source\tpt-free-erp\vendor\phpunit\phpunit\src\Framework\TestCase.php(1314): Tests\Feature\Assets\MaintenanceTest-&gt;test_can_create_maintenance_record()
#64 D:\Programming\1PRODUCTION\Open Source\tpt-free-erp\vendor\phpunit\phpunit\src\Framework\TestCase.php(1351): PHPUnit\Framework\TestCase-&gt;invokeTestMethod()
#65 D:\Programming\1PRODUCTION\Open Source\tpt-free-erp\vendor\phpunit\phpunit\src\Framework\TestCase.php(521): PHPUnit\Framework\TestCase-&gt;runTest()
#66 D:\Programming\1PRODUCTION\Open Source\tpt-free-erp\vendor\phpunit\phpunit\src\Framework\TestRunner\TestRunner.php(99): PHPUnit\Framework\TestCase-&gt;runBare()
#67 D:\Programming\1PRODUCTION\Open Source\tpt-free-erp\vendor\phpunit\phpunit\src\Framework\TestCase.php(361): PHPUnit\Framework\TestRunner-&gt;run()
#68 D:\Programming\1PRODUCTION\Open Source\tpt-free-erp\vendor\phpunit\phpunit\src\Framework\TestSuite.php(374): PHPUnit\Framework\TestCase-&gt;run()
#69 D:\Programming\1PRODUCTION\Open Source\tpt-free-erp\vendor\phpunit\phpunit\src\Framework\TestSuite.php(374): PHPUnit\Framework\TestSuite-&gt;run()
#70 D:\Programming\1PRODUCTION\Open Source\tpt-free-erp\vendor\phpunit\phpunit\src\Framework\TestSuite.php(374): PHPUnit\Framework\TestSuite-&gt;run()
#71 D:\Programming\1PRODUCTION\Open Source\tpt-free-erp\vendor\phpunit\phpunit\src\TextUI\TestRunner.php(64): PHPUnit\Framework\TestSuite-&gt;run()
#72 D:\Programming\1PRODUCTION\Open Source\tpt-free-erp\vendor\phpunit\phpunit\src\TextUI\Application.php(229): PHPUnit\TextUI\TestRunner-&gt;run()
#73 D:\Programming\1PRODUCTION\Open Source\tpt-free-erp\vendor\phpunit\phpunit\phpunit(104): PHPUnit\TextUI\Application-&gt;run()
#74 {main}

----------------------------------------------------------------------------------

SQLSTATE[23000]: Integrity constraint violation: 19 NOT NULL constraint failed: asset_maintenance.description (Connection: sqlite, Database: :memory:, SQL: insert into "asset_maintenance" ("asset_id", "title", "type", "scheduled_date", "status", "updated_at", "created_at") values (1, Annual service, preventive, 2026-06-15 00:00:00, scheduled, 2026-05-31 05:18:41, 2026-05-31 05:18:41))
&#13;
D:\Programming\1PRODUCTION\Open Source\tpt-free-erp\vendor\laravel\framework\src\Illuminate\Testing\TestResponseAssert.php:45
D:\Programming\1PRODUCTION\Open Source\tpt-free-erp\vendor\laravel\framework\src\Illuminate\Testing\TestResponse.php:176
D:\Programming\1PRODUCTION\Open Source\tpt-free-erp\vendor\laravel\framework\src\Illuminate\Testing\Concerns\AssertsStatusCodes.php:26
D:\Programming\1PRODUCTION\Open Source\tpt-free-erp\tests\Feature\Assets\MaintenanceTest.php:53</failure>
        </testcase>
        <testcase name="test_create_maintenance_requires_mandatory_fields" file="D:\Programming\1PRODUCTION\Open Source\tpt-free-erp\tests\Feature\Assets\MaintenanceTest.php" line="57" class="Tests\Feature\Assets\MaintenanceTest" classname="Tests.Feature.Assets.MaintenanceTest" assertions="2" time="0.019777"/>
        <testcase name="test_can_show_maintenance_record" file="D:\Programming\1PRODUCTION\Open Source\tpt-free-erp\tests\Feature\Assets\MaintenanceTest.php" line="64" class="Tests\Feature\Assets\MaintenanceTest" classname="Tests.Feature.Assets.MaintenanceTest" assertions="0" time="0.019044">
          <error type="Illuminate\Database\QueryException">Tests\Feature\Assets\MaintenanceTest::test_can_show_maintenance_record&#13;
Illuminate\Database\QueryException: SQLSTATE[23000]: Integrity constraint violation: 19 CHECK constraint failed: type (Connection: sqlite, Database: :memory:, SQL: insert into "assets" ("asset_code", "name", "description", "type", "serial_number", "purchase_date", "purchase_cost", "current_value", "salvage_value", "useful_life_years", "depreciation_method", "status", "assigned_to", "location_id", "updated_at", "created_at") values (AST-1954, beatae porro aliquid, Et consequatur officiis alias., it_hardware, SN-77976247, 2022-07-16 00:00:00, 5348.55, 5348.55, 534.86, 7, straight_line, active, ?, ?, 2026-05-31 05:18:41, 2026-05-31 05:18:41))
&#13;
D:\Programming\1PRODUCTION\Open Source\tpt-free-erp\vendor\laravel\framework\src\Illuminate\Database\Connection.php:841
D:\Programming\1PRODUCTION\Open Source\tpt-free-erp\vendor\laravel\framework\src\Illuminate\Database\Connection.php:797
D:\Programming\1PRODUCTION\Open Source\tpt-free-erp\vendor\laravel\framework\src\Illuminate\Database\Connection.php:576
D:\Programming\1PRODUCTION\Open Source\tpt-free-erp\vendor\laravel\framework\src\Illuminate\Database\Connection.php:540
D:\Programming\1PRODUCTION\Open Source\tpt-free-erp\vendor\laravel\framework\src\Illuminate\Database\Query\Processors\Processor.php:32
D:\Programming\1PRODUCTION\Open Source\tpt-free-erp\vendor\laravel\framework\src\Illuminate\Database\Query\Builder.php:4251
D:\Programming\1PRODUCTION\Open Source\tpt-free-erp\vendor\laravel\framework\src\Illuminate\Database\Eloquent\Builder.php:2271
D:\Programming\1PRODUCTION\Open Source\tpt-free-erp\vendor\laravel\framework\src\Illuminate\Database\Eloquent\Model.php:1660
D:\Programming\1PRODUCTION\Open Source\tpt-free-erp\vendor\laravel\framework\src\Illuminate\Database\Eloquent\Model.php:1576
D:\Programming\1PRODUCTION\Open Source\tpt-free-erp\vendor\laravel\framework\src\Illuminate\Database\Eloquent\Model.php:1380
D:\Programming\1PRODUCTION\Open Source\tpt-free-erp\vendor\laravel\framework\src\Illuminate\Database\Eloquent\Factories\Factory.php:379
D:\Programming\1PRODUCTION\Open Source\tpt-free-erp\vendor\laravel\framework\src\Illuminate\Collections\Traits\EnumeratesValues.php:275
D:\Programming\1PRODUCTION\Open Source\tpt-free-erp\vendor\laravel\framework\src\Illuminate\Database\Eloquent\Factories\Factory.php:374
D:\Programming\1PRODUCTION\Open Source\tpt-free-erp\vendor\laravel\framework\src\Illuminate\Database\Eloquent\Factories\Factory.php:330
D:\Programming\1PRODUCTION\Open Source\tpt-free-erp\vendor\laravel\framework\src\Illuminate\Database\Eloquent\Factories\Factory.php:592
D:\Programming\1PRODUCTION\Open Source\tpt-free-erp\vendor\laravel\framework\src\Illuminate\Collections\Arr.php:842
D:\Programming\1PRODUCTION\Open Source\tpt-free-erp\vendor\laravel\framework\src\Illuminate\Collections\Collection.php:827
D:\Programming\1PRODUCTION\Open Source\tpt-free-erp\vendor\laravel\framework\src\Illuminate\Database\Eloquent\Factories\Factory.php:584
D:\Programming\1PRODUCTION\Open Source\tpt-free-erp\vendor\laravel\framework\src\Illuminate\Database\Eloquent\Factories\Factory.php:538
D:\Programming\1PRODUCTION\Open Source\tpt-free-erp\vendor\laravel\framework\src\Illuminate\Database\Eloquent\Factories\Factory.php:522
D:\Programming\1PRODUCTION\Open Source\tpt-free-erp\vendor\laravel\framework\src\Illuminate\Database\Eloquent\Concerns\GuardsAttributes.php:185
D:\Programming\1PRODUCTION\Open Source\tpt-free-erp\vendor\laravel\framework\src\Illuminate\Database\Eloquent\Factories\Factory.php:521
D:\Programming\1PRODUCTION\Open Source\tpt-free-erp\vendor\laravel\framework\src\Illuminate\Database\Eloquent\Factories\Factory.php:438
D:\Programming\1PRODUCTION\Open Source\tpt-free-erp\vendor\laravel\framework\src\Illuminate\Database\Eloquent\Factories\Factory.php:327
D:\Programming\1PRODUCTION\Open Source\tpt-free-erp\tests\Feature\Assets\MaintenanceTest.php:66</error>
        </testcase>
        <testcase name="test_show_nonexistent_record_returns_404" file="D:\Programming\1PRODUCTION\Open Source\tpt-free-erp\tests\Feature\Assets\MaintenanceTest.php" line="74" class="Tests\Feature\Assets\MaintenanceTest" classname="Tests.Feature.Assets.MaintenanceTest" assertions="1" time="0.018225"/>
        <testcase name="test_can_list_maintenance_by_asset" file="D:\Programming\1PRODUCTION\Open Source\tpt-free-erp\tests\Feature\Assets\MaintenanceTest.php" line="81" class="Tests\Feature\Assets\MaintenanceTest" classname="Tests.Feature.Assets.MaintenanceTest" assertions="0" time="0.017773">
          <error type="Illuminate\Database\QueryException">Tests\Feature\Assets\MaintenanceTest::test_can_list_maintenance_by_asset&#13;
Illuminate\Database\QueryException: SQLSTATE[23000]: Integrity constraint violation: 19 CHECK constraint failed: type (Connection: sqlite, Database: :memory:, SQL: insert into "assets" ("asset_code", "name", "description", "type", "serial_number", "purchase_date", "purchase_cost", "current_value", "salvage_value", "useful_life_years", "depreciation_method", "status", "assigned_to", "location_id", "updated_at", "created_at") values (AST-4046, blanditiis dignissimos maxime, Assumenda illo dolor sit., it_hardware, SN-50884663, 2026-01-09 00:00:00, 11192.54, 11192.54, 1119.25, 5, straight_line, active, ?, ?, 2026-05-31 05:18:41, 2026-05-31 05:18:41))
&#13;
D:\Programming\1PRODUCTION\Open Source\tpt-free-erp\vendor\laravel\framework\src\Illuminate\Database\Connection.php:841
D:\Programming\1PRODUCTION\Open Source\tpt-free-erp\vendor\laravel\framework\src\Illuminate\Database\Connection.php:797
D:\Programming\1PRODUCTION\Open Source\tpt-free-erp\vendor\laravel\framework\src\Illuminate\Database\Connection.php:576
D:\Programming\1PRODUCTION\Open Source\tpt-free-erp\vendor\laravel\framework\src\Illuminate\Database\Connection.php:540
D:\Programming\1PRODUCTION\Open Source\tpt-free-erp\vendor\laravel\framework\src\Illuminate\Database\Query\Processors\Processor.php:32
D:\Programming\1PRODUCTION\Open Source\tpt-free-erp\vendor\laravel\framework\src\Illuminate\Database\Query\Builder.php:4251
D:\Programming\1PRODUCTION\Open Source\tpt-free-erp\vendor\laravel\framework\src\Illuminate\Database\Eloquent\Builder.php:2271
D:\Programming\1PRODUCTION\Open Source\tpt-free-erp\vendor\laravel\framework\src\Illuminate\Database\Eloquent\Model.php:1660
D:\Programming\1PRODUCTION\Open Source\tpt-free-erp\vendor\laravel\framework\src\Illuminate\Database\Eloquent\Model.php:1576
D:\Programming\1PRODUCTION\Open Source\tpt-free-erp\vendor\laravel\framework\src\Illuminate\Database\Eloquent\Model.php:1380
D:\Programming\1PRODUCTION\Open Source\tpt-free-erp\vendor\laravel\framework\src\Illuminate\Database\Eloquent\Factories\Factory.php:379
D:\Programming\1PRODUCTION\Open Source\tpt-free-erp\vendor\laravel\framework\src\Illuminate\Collections\Traits\EnumeratesValues.php:275
D:\Programming\1PRODUCTION\Open Source\tpt-free-erp\vendor\laravel\framework\src\Illuminate\Database\Eloquent\Factories\Factory.php:374
D:\Programming\1PRODUCTION\Open Source\tpt-free-erp\vendor\laravel\framework\src\Illuminate\Database\Eloquent\Factories\Factory.php:330
D:\Programming\1PRODUCTION\Open Source\tpt-free-erp\tests\Feature\Assets\MaintenanceTest.php:83</error>
        </testcase>
        <testcase name="test_requires_authentication" file="D:\Programming\1PRODUCTION\Open Source\tpt-free-erp\tests\Feature\Assets\MaintenanceTest.php" line="93" class="Tests\Feature\Assets\MaintenanceTest" classname="Tests.Feature.Assets.MaintenanceTest" assertions="1" time="0.019572"/>
      </testsuite>
      <testsuite name="Tests\Feature\Auth\LoginTest" file="D:\Programming\1PRODUCTION\Open Source\tpt-free-erp\tests\Feature\Auth\LoginTest.php" tests="6" assertions="14" errors="0" failures="0" skipped="0" time="0.121784">
        <testcase name="test_user_can_login_with_valid_credentials" file="D:\Programming\1PRODUCTION\Open Source\tpt-free-erp\tests\Feature\Auth\LoginTest.php" line="13" class="Tests\Feature\Auth\LoginTest" classname="Tests.Feature.Auth.LoginTest" assertions="5" time="0.029890"/>
        <testcase name="test_login_fails_with_wrong_password" file="D:\Programming\1PRODUCTION\Open Source\tpt-free-erp\tests\Feature\Auth\LoginTest.php" line="30" class="Tests\Feature\Auth\LoginTest" classname="Tests.Feature.Auth.LoginTest" assertions="1" time="0.023162"/>
        <testcase name="test_login_fails_with_nonexistent_email" file="D:\Programming\1PRODUCTION\Open Source\tpt-free-erp\tests\Feature\Auth\LoginTest.php" line="42" class="Tests\Feature\Auth\LoginTest" classname="Tests.Feature.Auth.LoginTest" assertions="1" time="0.016737"/>
        <testcase name="test_login_requires_email_and_password" file="D:\Programming\1PRODUCTION\Open Source\tpt-free-erp\tests\Feature\Auth\LoginTest.php" line="52" class="Tests\Feature\Auth\LoginTest" classname="Tests.Feature.Auth.LoginTest" assertions="4" time="0.016453"/>
        <testcase name="test_user_can_logout" file="D:\Programming\1PRODUCTION\Open Source\tpt-free-erp\tests\Feature\Auth\LoginTest.php" line="60" class="Tests\Feature\Auth\LoginTest" classname="Tests.Feature.Auth.LoginTest" assertions="2" time="0.017319"/>
        <testcase name="test_logout_requires_authentication" file="D:\Programming\1PRODUCTION\Open Source\tpt-free-erp\tests\Feature\Auth\LoginTest.php" line="70" class="Tests\Feature\Auth\LoginTest" classname="Tests.Feature.Auth.LoginTest" assertions="1" time="0.018224"/>
      </testsuite>
      <testsuite name="Tests\Feature\Auth\RegisterTest" file="D:\Programming\1PRODUCTION\Open Source\tpt-free-erp\tests\Feature\Auth\RegisterTest.php" tests="5" assertions="18" errors="0" failures="0" skipped="0" time="0.088178">
        <testcase name="test_user_can_register_with_valid_data" file="D:\Programming\1PRODUCTION\Open Source\tpt-free-erp\tests\Feature\Auth\RegisterTest.php" line="13" class="Tests\Feature\Auth\RegisterTest" classname="Tests.Feature.Auth.RegisterTest" assertions="7" time="0.019557"/>
        <testcase name="test_registration_fails_with_duplicate_email" file="D:\Programming\1PRODUCTION\Open Source\tpt-free-erp\tests\Feature\Auth\RegisterTest.php" line="29" class="Tests\Feature\Auth\RegisterTest" classname="Tests.Feature.Auth.RegisterTest" assertions="3" time="0.018082"/>
        <testcase name="test_registration_fails_when_passwords_dont_match" file="D:\Programming\1PRODUCTION\Open Source\tpt-free-erp\tests\Feature\Auth\RegisterTest.php" line="44" class="Tests\Feature\Auth\RegisterTest" classname="Tests.Feature.Auth.RegisterTest" assertions="3" time="0.016164"/>
        <testcase name="test_registration_requires_minimum_password_length" file="D:\Programming\1PRODUCTION\Open Source\tpt-free-erp\tests\Feature\Auth\RegisterTest.php" line="57" class="Tests\Feature\Auth\RegisterTest" classname="Tests.Feature.Auth.RegisterTest" assertions="3" time="0.015898"/>
        <testcase name="test_authenticated_user_can_retrieve_own_profile" file="D:\Programming\1PRODUCTION\Open Source\tpt-free-erp\tests\Feature\Auth\RegisterTest.php" line="70" class="Tests\Feature\Auth\RegisterTest" classname="Tests.Feature.Auth.RegisterTest" assertions="2" time="0.018478"/>
      </testsuite>
      <testsuite name="Tests\Feature\ExampleTest" file="D:\Programming\1PRODUCTION\Open Source\tpt-free-erp\tests\Feature\ExampleTest.php" tests="1" assertions="1" errors="0" failures="0" skipped="0" time="0.037311">
        <testcase name="test_the_application_returns_a_successful_response" file="D:\Programming\1PRODUCTION\Open Source\tpt-free-erp\tests\Feature\ExampleTest.php" line="13" class="Tests\Feature\ExampleTest" classname="Tests.Feature.ExampleTest" assertions="1" time="0.037311"/>
      </testsuite>
      <testsuite name="Tests\Feature\FieldService\ServiceTicketTest" file="D:\Programming\1PRODUCTION\Open Source\tpt-free-erp\tests\Feature\FieldService\ServiceTicketTest.php" tests="8" assertions="18" errors="0" failures="1" skipped="0" time="0.171387">
        <testcase name="test_can_list_tickets" file="D:\Programming\1PRODUCTION\Open Source\tpt-free-erp\tests\Feature\FieldService\ServiceTicketTest.php" line="30" class="Tests\Feature\FieldService\ServiceTicketTest" classname="Tests.Feature.FieldService.ServiceTicketTest" assertions="5" time="0.027151"/>
        <testcase name="test_can_create_ticket" file="D:\Programming\1PRODUCTION\Open Source\tpt-free-erp\tests\Feature\FieldService\ServiceTicketTest.php" line="41" class="Tests\Feature\FieldService\ServiceTicketTest" classname="Tests.Feature.FieldService.ServiceTicketTest" assertions="3" time="0.021448"/>
[...]
D:\Programming\1PRODUCTION\Open Source\tpt-free-erp\vendor\laravel\framework\src\Illuminate\Testing\TestResponse.php:176
D:\Programming\1PRODUCTION\Open Source\tpt-free-erp\vendor\laravel\framework\src\Illuminate\Testing\Concerns\AssertsStatusCodes.php:26
D:\Programming\1PRODUCTION\Open Source\tpt-free-erp\tests\Feature\Sales\InvoiceTest.php:58</failure>
        </testcase>
        <testcase name="test_create_invoice_requires_mandatory_fields" file="D:\Programming\1PRODUCTION\Open Source\tpt-free-erp\tests\Feature\Sales\InvoiceTest.php" line="62" class="Tests\Feature\Sales\InvoiceTest" classname="Tests.Feature.Sales.InvoiceTest" assertions="2" time="0.020106"/>
        <testcase name="test_can_show_invoice" file="D:\Programming\1PRODUCTION\Open Source\tpt-free-erp\tests\Feature\Sales\InvoiceTest.php" line="69" class="Tests\Feature\Sales\InvoiceTest" classname="Tests.Feature.Sales.InvoiceTest" assertions="0" time="0.020393">
          <error type="Illuminate\Database\QueryException">Tests\Feature\Sales\InvoiceTest::test_can_show_invoice&#13;
Illuminate\Database\QueryException: SQLSTATE[23000]: Integrity constraint violation: 19 NOT NULL constraint failed: sales_invoices.order_id (Connection: sqlite, Database: :memory:, SQL: insert into "sales_invoices" ("invoice_number", "order_id", "customer_id", "invoice_date", "due_date", "subtotal", "tax_amount", "total_amount", "paid_amount", "balance_due", "status", "updated_at", "created_at") values (INV-9610-qq, ?, 1, 2026-02-22 00:00:00, 2026-07-21 00:00:00, 8033.09, 803.31, 8836.4, 0, 8836.4, paid, 2026-05-31 05:18:45, 2026-05-31 05:18:45))
&#13;
D:\Programming\1PRODUCTION\Open Source\tpt-free-erp\vendor\laravel\framework\src\Illuminate\Database\Connection.php:841
D:\Programming\1PRODUCTION\Open Source\tpt-free-erp\vendor\laravel\framework\src\Illuminate\Database\Connection.php:797
D:\Programming\1PRODUCTION\Open Source\tpt-free-erp\vendor\laravel\framework\src\Illuminate\Database\Connection.php:576
D:\Programming\1PRODUCTION\Open Source\tpt-free-erp\vendor\laravel\framework\src\Illuminate\Database\Connection.php:540
D:\Programming\1PRODUCTION\Open Source\tpt-free-erp\vendor\laravel\framework\src\Illuminate\Database\Query\Processors\Processor.php:32
D:\Programming\1PRODUCTION\Open Source\tpt-free-erp\vendor\laravel\framework\src\Illuminate\Database\Query\Builder.php:4251
D:\Programming\1PRODUCTION\Open Source\tpt-free-erp\vendor\laravel\framework\src\Illuminate\Database\Eloquent\Builder.php:2271
D:\Programming\1PRODUCTION\Open Source\tpt-free-erp\vendor\laravel\framework\src\Illuminate\Database\Eloquent\Model.php:1660
D:\Programming\1PRODUCTION\Open Source\tpt-free-erp\vendor\laravel\framework\src\Illuminate\Database\Eloquent\Model.php:1576
D:\Programming\1PRODUCTION\Open Source\tpt-free-erp\vendor\laravel\framework\src\Illuminate\Database\Eloquent\Model.php:1380
D:\Programming\1PRODUCTION\Open Source\tpt-free-erp\vendor\laravel\framework\src\Illuminate\Database\Eloquent\Factories\Factory.php:379
D:\Programming\1PRODUCTION\Open Source\tpt-free-erp\vendor\laravel\framework\src\Illuminate\Collections\Traits\EnumeratesValues.php:275
D:\Programming\1PRODUCTION\Open Source\tpt-free-erp\vendor\laravel\framework\src\Illuminate\Database\Eloquent\Factories\Factory.php:374
D:\Programming\1PRODUCTION\Open Source\tpt-free-erp\vendor\laravel\framework\src\Illuminate\Database\Eloquent\Factories\Factory.php:330
D:\Programming\1PRODUCTION\Open Source\tpt-free-erp\tests\Feature\Sales\InvoiceTest.php:71</error>
        </testcase>
        <testcase name="test_show_nonexistent_invoice_returns_404" file="D:\Programming\1PRODUCTION\Open Source\tpt-free-erp\tests\Feature\Sales\InvoiceTest.php" line="79" class="Tests\Feature\Sales\InvoiceTest" classname="Tests.Feature.Sales.InvoiceTest" assertions="1" time="0.019491"/>
        <testcase name="test_can_delete_invoice" file="D:\Programming\1PRODUCTION\Open Source\tpt-free-erp\tests\Feature\Sales\InvoiceTest.php" line="86" class="Tests\Feature\Sales\InvoiceTest" classname="Tests.Feature.Sales.InvoiceTest" assertions="0" time="0.020207">
          <error type="Illuminate\Database\QueryException">Tests\Feature\Sales\InvoiceTest::test_can_delete_invoice&#13;
Illuminate\Database\QueryException: SQLSTATE[23000]: Integrity constraint violation: 19 NOT NULL constraint failed: sales_invoices.order_id (Connection: sqlite, Database: :memory:, SQL: insert into "sales_invoices" ("invoice_number", "order_id", "customer_id", "invoice_date", "due_date", "subtotal", "tax_amount", "total_amount", "paid_amount", "balance_due", "status", "updated_at", "created_at") values (INV-5060-vf, ?, 1, 2025-06-13 00:00:00, 2026-06-05 00:00:00, 1688.72, 168.87, 1857.59, 0, 1857.59, cancelled, 2026-05-31 05:18:45, 2026-05-31 05:18:45))
&#13;
D:\Programming\1PRODUCTION\Open Source\tpt-free-erp\vendor\laravel\framework\src\Illuminate\Database\Connection.php:841
D:\Programming\1PRODUCTION\Open Source\tpt-free-erp\vendor\laravel\framework\src\Illuminate\Database\Connection.php:797
D:\Programming\1PRODUCTION\Open Source\tpt-free-erp\vendor\laravel\framework\src\Illuminate\Database\Connection.php:576
D:\Programming\1PRODUCTION\Open Source\tpt-free-erp\vendor\laravel\framework\src\Illuminate\Database\Connection.php:540
D:\Programming\1PRODUCTION\Open Source\tpt-free-erp\vendor\laravel\framework\src\Illuminate\Database\Query\Processors\Processor.php:32
D:\Programming\1PRODUCTION\Open Source\tpt-free-erp\vendor\laravel\framework\src\Illuminate\Database\Query\Builder.php:4251
D:\Programming\1PRODUCTION\Open Source\tpt-free-erp\vendor\laravel\framework\src\Illuminate\Database\Eloquent\Builder.php:2271
D:\Programming\1PRODUCTION\Open Source\tpt-free-erp\vendor\laravel\framework\src\Illuminate\Database\Eloquent\Model.php:1660
D:\Programming\1PRODUCTION\Open Source\tpt-free-erp\vendor\laravel\framework\src\Illuminate\Database\Eloquent\Model.php:1576
D:\Programming\1PRODUCTION\Open Source\tpt-free-erp\vendor\laravel\framework\src\Illuminate\Database\Eloquent\Model.php:1380
D:\Programming\1PRODUCTION\Open Source\tpt-free-erp\vendor\laravel\framework\src\Illuminate\Database\Eloquent\Factories\Factory.php:379
D:\Programming\1PRODUCTION\Open Source\tpt-free-erp\vendor\laravel\framework\src\Illuminate\Collections\Traits\EnumeratesValues.php:275
D:\Programming\1PRODUCTION\Open Source\tpt-free-erp\vendor\laravel\framework\src\Illuminate\Database\Eloquent\Factories\Factory.php:374
D:\Programming\1PRODUCTION\Open Source\tpt-free-erp\vendor\laravel\framework\src\Illuminate\Database\Eloquent\Factories\Factory.php:330
D:\Programming\1PRODUCTION\Open Source\tpt-free-erp\tests\Feature\Sales\InvoiceTest.php:88</error>
        </testcase>
        <testcase name="test_requires_authentication" file="D:\Programming\1PRODUCTION\Open Source\tpt-free-erp\tests\Feature\Sales\InvoiceTest.php" line="96" class="Tests\Feature\Sales\InvoiceTest" classname="Tests.Feature.Sales.InvoiceTest" assertions="1" time="0.018197"/>
      </testsuite>
      <testsuite name="Tests\Feature\Sales\OrderTest" file="D:\Programming\1PRODUCTION\Open Source\tpt-free-erp\tests\Feature\Sales\OrderTest.php" tests="8" assertions="7" errors="4" failures="0" skipped="0" time="0.160943">
        <testcase name="test_can_list_orders" file="D:\Programming\1PRODUCTION\Open Source\tpt-free-erp\tests\Feature\Sales\OrderTest.php" line="30" class="Tests\Feature\Sales\OrderTest" classname="Tests.Feature.Sales.OrderTest" assertions="0" time="0.020944">
          <error type="Illuminate\Database\QueryException">Tests\Feature\Sales\OrderTest::test_can_list_orders&#13;
Illuminate\Database\QueryException: SQLSTATE[23000]: Integrity constraint violation: 19 NOT NULL constraint failed: sales_orders.created_by (Connection: sqlite, Database: :memory:, SQL: insert into "sales_orders" ("order_number", "customer_id", "order_date", "expected_delivery_date", "status", "subtotal", "tax_amount", "discount_amount", "total_amount", "notes", "created_by", "updated_at", "created_at") values (ORD-2265-ya, 1, 2026-02-14 00:00:00, 2026-06-19 00:00:00, shipped, 2982.72, 298.27, 0, 3280.99, ?, ?, 2026-05-31 05:18:45, 2026-05-31 05:18:45))
&#13;
D:\Programming\1PRODUCTION\Open Source\tpt-free-erp\vendor\laravel\framework\src\Illuminate\Database\Connection.php:841
D:\Programming\1PRODUCTION\Open Source\tpt-free-erp\vendor\laravel\framework\src\Illuminate\Database\Connection.php:797
D:\Programming\1PRODUCTION\Open Source\tpt-free-erp\vendor\laravel\framework\src\Illuminate\Database\Connection.php:576
D:\Programming\1PRODUCTION\Open Source\tpt-free-erp\vendor\laravel\framework\src\Illuminate\Database\Connection.php:540
D:\Programming\1PRODUCTION\Open Source\tpt-free-erp\vendor\laravel\framework\src\Illuminate\Database\Query\Processors\Processor.php:32
D:\Programming\1PRODUCTION\Open Source\tpt-free-erp\vendor\laravel\framework\src\Illuminate\Database\Query\Builder.php:4251
D:\Programming\1PRODUCTION\Open Source\tpt-free-erp\vendor\laravel\framework\src\Illuminate\Database\Eloquent\Builder.php:2271
D:\Programming\1PRODUCTION\Open Source\tpt-free-erp\vendor\laravel\framework\src\Illuminate\Database\Eloquent\Model.php:1660
D:\Programming\1PRODUCTION\Open Source\tpt-free-erp\vendor\laravel\framework\src\Illuminate\Database\Eloquent\Model.php:1576
D:\Programming\1PRODUCTION\Open Source\tpt-free-erp\vendor\laravel\framework\src\Illuminate\Database\Eloquent\Model.php:1380
D:\Programming\1PRODUCTION\Open Source\tpt-free-erp\vendor\laravel\framework\src\Illuminate\Database\Eloquent\Factories\Factory.php:379
D:\Programming\1PRODUCTION\Open Source\tpt-free-erp\vendor\laravel\framework\src\Illuminate\Collections\Traits\EnumeratesValues.php:275
D:\Programming\1PRODUCTION\Open Source\tpt-free-erp\vendor\laravel\framework\src\Illuminate\Database\Eloquent\Factories\Factory.php:374
D:\Programming\1PRODUCTION\Open Source\tpt-free-erp\vendor\laravel\framework\src\Illuminate\Database\Eloquent\Factories\Factory.php:334
D:\Programming\1PRODUCTION\Open Source\tpt-free-erp\tests\Feature\Sales\OrderTest.php:32</error>
        </testcase>
        <testcase name="test_can_create_order" file="D:\Programming\1PRODUCTION\Open Source\tpt-free-erp\tests\Feature\Sales\OrderTest.php" line="41" class="Tests\Feature\Sales\OrderTest" classname="Tests.Feature.Sales.OrderTest" assertions="3" time="0.025289"/>
        <testcase name="test_create_order_requires_mandatory_fields" file="D:\Programming\1PRODUCTION\Open Source\tpt-free-erp\tests\Feature\Sales\OrderTest.php" line="59" class="Tests\Feature\Sales\OrderTest" classname="Tests.Feature.Sales.OrderTest" assertions="2" time="0.018904"/>
        <testcase name="test_can_show_order" file="D:\Programming\1PRODUCTION\Open Source\tpt-free-erp\tests\Feature\Sales\OrderTest.php" line="66" class="Tests\Feature\Sales\OrderTest" classname="Tests.Feature.Sales.OrderTest" assertions="0" time="0.019433">
          <error type="Illuminate\Database\QueryException">Tests\Feature\Sales\OrderTest::test_can_show_order&#13;
Illuminate\Database\QueryException: SQLSTATE[23000]: Integrity constraint violation: 19 NOT NULL constraint failed: sales_orders.created_by (Connection: sqlite, Database: :memory:, SQL: insert into "sales_orders" ("order_number", "customer_id", "order_date", "expected_delivery_date", "status", "subtotal", "tax_amount", "discount_amount", "total_amount", "notes", "created_by", "updated_at", "created_at") values (ORD-5992-nl, 1, 2025-12-28 00:00:00, 2026-06-22 00:00:00, confirmed, 8286.15, 828.62, 0, 9114.77, ?, ?, 2026-05-31 05:18:45, 2026-05-31 05:18:45))
&#13;
D:\Programming\1PRODUCTION\Open Source\tpt-free-erp\vendor\laravel\framework\src\Illuminate\Database\Connection.php:841
D:\Programming\1PRODUCTION\Open Source\tpt-free-erp\vendor\laravel\framework\src\Illuminate\Database\Connection.php:797
D:\Programming\1PRODUCTION\Open Source\tpt-free-erp\vendor\laravel\framework\src\Illuminate\Database\Connection.php:576
D:\Programming\1PRODUCTION\Open Source\tpt-free-erp\vendor\laravel\framework\src\Illuminate\Database\Connection.php:540
D:\Programming\1PRODUCTION\Open Source\tpt-free-erp\vendor\laravel\framework\src\Illuminate\Database\Query\Processors\Processor.php:32
D:\Programming\1PRODUCTION\Open Source\tpt-free-erp\vendor\laravel\framework\src\Illuminate\Database\Query\Builder.php:4251
D:\Programming\1PRODUCTION\Open Source\tpt-free-erp\vendor\laravel\framework\src\Illuminate\Database\Eloquent\Builder.php:2271
D:\Programming\1PRODUCTION\Open Source\tpt-free-erp\vendor\laravel\framework\src\Illuminate\Database\Eloquent\Model.php:1660
D:\Programming\1PRODUCTION\Open Source\tpt-free-erp\vendor\laravel\framework\src\Illuminate\Database\Eloquent\Model.php:1576
D:\Programming\1PRODUCTION\Open Source\tpt-free-erp\vendor\laravel\framework\src\Illuminate\Database\Eloquent\Model.php:1380
D:\Programming\1PRODUCTION\Open Source\tpt-free-erp\vendor\laravel\framework\src\Illuminate\Database\Eloquent\Factories\Factory.php:379
D:\Programming\1PRODUCTION\Open Source\tpt-free-erp\vendor\laravel\framework\src\Illuminate\Collections\Traits\EnumeratesValues.php:275
D:\Programming\1PRODUCTION\Open Source\tpt-free-erp\vendor\laravel\framework\src\Illuminate\Database\Eloquent\Factories\Factory.php:374
D:\Programming\1PRODUCTION\Open Source\tpt-free-erp\vendor\laravel\framework\src\Illuminate\Database\Eloquent\Factories\Factory.php:330
D:\Programming\1PRODUCTION\Open Source\tpt-free-erp\tests\Feature\Sales\OrderTest.php:68</error>
        </testcase>
        <testcase name="test_show_nonexistent_order_returns_404" file="D:\Programming\1PRODUCTION\Open Source\tpt-free-erp\tests\Feature\Sales\OrderTest.php" line="76" class="Tests\Feature\Sales\OrderTest" classname="Tests.Feature.Sales.OrderTest" assertions="1" time="0.019035"/>
        <testcase name="test_can_update_order_status" file="D:\Programming\1PRODUCTION\Open Source\tpt-free-erp\tests\Feature\Sales\OrderTest.php" line="83" class="Tests\Feature\Sales\OrderTest" classname="Tests.Feature.Sales.OrderTest" assertions="0" time="0.020633">
          <error type="Illuminate\Database\QueryException">Tests\Feature\Sales\OrderTest::test_can_update_order_status&#13;
Illuminate\Database\QueryException: SQLSTATE[23000]: Integrity constraint violation: 19 NOT NULL constraint failed: sales_orders.created_by (Connection: sqlite, Database: :memory:, SQL: insert into "sales_orders" ("order_number", "customer_id", "order_date", "expected_delivery_date", "status", "subtotal", "tax_amount", "discount_amount", "total_amount", "notes", "created_by", "updated_at", "created_at") values (ORD-9634-ti, 1, 2026-01-24 00:00:00, 2026-08-02 00:00:00, draft, 5793.56, 579.36, 0, 6372.92, Illum assumenda id excepturi ab eius., ?, 2026-05-31 05:18:45, 2026-05-31 05:18:45))
&#13;
D:\Programming\1PRODUCTION\Open Source\tpt-free-erp\vendor\laravel\framework\src\Illuminate\Database\Connection.php:841
D:\Programming\1PRODUCTION\Open Source\tpt-free-erp\vendor\laravel\framework\src\Illuminate\Database\Connection.php:797
D:\Programming\1PRODUCTION\Open Source\tpt-free-erp\vendor\laravel\framework\src\Illuminate\Database\Connection.php:576
D:\Programming\1PRODUCTION\Open Source\tpt-free-erp\vendor\laravel\framework\src\Illuminate\Database\Connection.php:540
D:\Programming\1PRODUCTION\Open Source\tpt-free-erp\vendor\laravel\framework\src\Illuminate\Database\Query\Processors\Processor.php:32
D:\Programming\1PRODUCTION\Open Source\tpt-free-erp\vendor\laravel\framework\src\Illuminate\Database\Query\Builder.php:4251
D:\Programming\1PRODUCTION\Open Source\tpt-free-erp\vendor\laravel\framework\src\Illuminate\Database\Eloquent\Builder.php:2271
D:\Programming\1PRODUCTION\Open Source\tpt-free-erp\vendor\laravel\framework\src\Illuminate\Database\Eloquent\Model.php:1660
D:\Programming\1PRODUCTION\Open Source\tpt-free-erp\vendor\laravel\framework\src\Illuminate\Database\Eloquent\Model.php:1576
D:\Programming\1PRODUCTION\Open Source\tpt-free-erp\vendor\laravel\framework\src\Illuminate\Database\Eloquent\Model.php:1380
D:\Programming\1PRODUCTION\Open Source\tpt-free-erp\vendor\laravel\framework\src\Illuminate\Database\Eloquent\Factories\Factory.php:379
D:\Programming\1PRODUCTION\Open Source\tpt-free-erp\vendor\laravel\framework\src\Illuminate\Collections\Traits\EnumeratesValues.php:275
D:\Programming\1PRODUCTION\Open Source\tpt-free-erp\vendor\laravel\framework\src\Illuminate\Database\Eloquent\Factories\Factory.php:374
D:\Programming\1PRODUCTION\Open Source\tpt-free-erp\vendor\laravel\framework\src\Illuminate\Database\Eloquent\Factories\Factory.php:330
D:\Programming\1PRODUCTION\Open Source\tpt-free-erp\vendor\laravel\framework\src\Illuminate\Database\Eloquent\Factories\Factory.php:324
D:\Programming\1PRODUCTION\Open Source\tpt-free-erp\tests\Feature\Sales\OrderTest.php:85</error>
        </testcase>
        <testcase name="test_can_delete_order" file="D:\Programming\1PRODUCTION\Open Source\tpt-free-erp\tests\Feature\Sales\OrderTest.php" line="95" class="Tests\Feature\Sales\OrderTest" classname="Tests.Feature.Sales.OrderTest" assertions="0" time="0.019462">
          <error type="Illuminate\Database\QueryException">Tests\Feature\Sales\OrderTest::test_can_delete_order&#13;
Illuminate\Database\QueryException: SQLSTATE[23000]: Integrity constraint violation: 19 NOT NULL constraint failed: sales_orders.created_by (Connection: sqlite, Database: :memory:, SQL: insert into "sales_orders" ("order_number", "customer_id", "order_date", "expected_delivery_date", "status", "subtotal", "tax_amount", "discount_amount", "total_amount", "notes", "created_by", "updated_at", "created_at") values (ORD-0281-wb, 1, 2025-07-22 00:00:00, 2026-07-23 00:00:00, confirmed, 9414.97, 941.5, 0, 10356.47, ?, ?, 2026-05-31 05:18:45, 2026-05-31 05:18:45))
&#13;
D:\Programming\1PRODUCTION\Open Source\tpt-free-erp\vendor\laravel\framework\src\Illuminate\Database\Connection.php:841
D:\Programming\1PRODUCTION\Open Source\tpt-free-erp\vendor\laravel\framework\src\Illuminate\Database\Connection.php:797
D:\Programming\1PRODUCTION\Open Source\tpt-free-erp\vendor\laravel\framework\src\Illuminate\Database\Connection.php:576
D:\Programming\1PRODUCTION\Open Source\tpt-free-erp\vendor\laravel\framework\src\Illuminate\Database\Connection.php:540
D:\Programming\1PRODUCTION\Open Source\tpt-free-erp\vendor\laravel\framework\src\Illuminate\Database\Query\Processors\Processor.php:32
D:\Programming\1PRODUCTION\Open Source\tpt-free-erp\vendor\laravel\framework\src\Illuminate\Database\Query\Builder.php:4251
D:\Programming\1PRODUCTION\Open Source\tpt-free-erp\vendor\laravel\framework\src\Illuminate\Database\Eloquent\Builder.php:2271
D:\Programming\1PRODUCTION\Open Source\tpt-free-erp\vendor\laravel\framework\src\Illuminate\Database\Eloquent\Model.php:1660
D:\Programming\1PRODUCTION\Open Source\tpt-free-erp\vendor\laravel\framework\src\Illuminate\Database\Eloquent\Model.php:1576
D:\Programming\1PRODUCTION\Open Source\tpt-free-erp\vendor\laravel\framework\src\Illuminate\Database\Eloquent\Model.php:1380
D:\Programming\1PRODUCTION\Open Source\tpt-free-erp\vendor\laravel\framework\src\Illuminate\Database\Eloquent\Factories\Factory.php:379
D:\Programming\1PRODUCTION\Open Source\tpt-free-erp\vendor\laravel\framework\src\Illuminate\Collections\Traits\EnumeratesValues.php:275
D:\Programming\1PRODUCTION\Open Source\tpt-free-erp\vendor\laravel\framework\src\Illuminate\Database\Eloquent\Factories\Factory.php:374
D:\Programming\1PRODUCTION\Open Source\tpt-free-erp\vendor\laravel\framework\src\Illuminate\Database\Eloquent\Factories\Factory.php:330
D:\Programming\1PRODUCTION\Open Source\tpt-free-erp\tests\Feature\Sales\OrderTest.php:97</error>
        </testcase>
        <testcase name="test_requires_authentication" file="D:\Programming\1PRODUCTION\Open Source\tpt-free-erp\tests\Feature\Sales\OrderTest.php" line="105" class="Tests\Feature\Sales\OrderTest" classname="Tests.Feature.Sales.OrderTest" assertions="1" time="0.017244"/>
      </testsuite>
    </testsuite>
  </testsuite>
</testsuites>
